This is pdfTeX, Version 3.141592653-2.6-1.40.24 (TeX Live 2022/Homebrew) (preloaded format=pdflatex 2022.5.27)  31 AUG 2022 14:06
entering extended mode
 restricted \write18 enabled.
 %&-line parsing enabled.
**sample
(./sample.tex
LaTeX2e <2021-11-15> patch level 1
L3 programming layer <2022-02-24>
(/usr/local/Cellar/texlive/20220321/share/texmf-dist/tex/latex/koma-script/scrb
ook.cls
Document Class: scrbook 2021/11/13 v3.35 KOMA-Script document class (book)

(/usr/local/Cellar/texlive/20220321/share/texmf-dist/tex/latex/koma-script/scrk
base.sty
Package: scrkbase 2021/11/13 v3.35 KOMA-Script package (KOMA-Script-dependent b
asics and keyval usage)

(/usr/local/Cellar/texlive/20220321/share/texmf-dist/tex/latex/koma-script/scrb
ase.sty
Package: scrbase 2021/11/13 v3.35 KOMA-Script package (KOMA-Script-independent 
basics and keyval usage)

(/usr/local/Cellar/texlive/20220321/share/texmf-dist/tex/latex/koma-script/scrl
file.sty
Package: scrlfile 2021/11/13 v3.35 KOMA-Script package (file load hooks)

(/usr/local/Cellar/texlive/20220321/share/texmf-dist/tex/latex/koma-script/scrl
file-hook.sty
Package: scrlfile-hook 2021/11/13 v3.35 KOMA-Script package (using LaTeX hooks)


(/usr/local/Cellar/texlive/20220321/share/texmf-dist/tex/latex/koma-script/scrl
ogo.sty
Package: scrlogo 2021/11/13 v3.35 KOMA-Script package (logo)
)))
(/usr/local/Cellar/texlive/20220321/share/texmf-dist/tex/latex/graphics/keyval.
sty
Package: keyval 2014/10/28 v1.15 key=value parser (DPC)
\KV@toks@=\toks16
)
Applying: [2021/05/01] Usage of raw or classic option list on input line 252.
Already applied: [0000/00/00] Usage of raw or classic option list on input line
 368.
))
(/usr/local/Cellar/texlive/20220321/share/texmf-dist/tex/latex/koma-script/tocb
asic.sty
Package: tocbasic 2021/11/13 v3.35 KOMA-Script package (handling toc-files)
\scr@dte@tocline@numberwidth=\skip47
\scr@dte@tocline@numbox=\box50
)
Package tocbasic Info: babel extension for `toc' omitted
(tocbasic)             because of missing \bbl@set@language on input line 137.
Class scrbook Info: File `scrsize11pt.clo' used to setup font sizes on input li
ne 2490.

(/usr/local/Cellar/texlive/20220321/share/texmf-dist/tex/latex/koma-script/scrs
ize11pt.clo
File: scrsize11pt.clo 2021/11/13 v3.35 KOMA-Script font size class option (11pt
)
)
(/usr/local/Cellar/texlive/20220321/share/texmf-dist/tex/latex/koma-script/type
area.sty
Package: typearea 2021/11/13 v3.35 KOMA-Script package (type area)
\ta@bcor=\skip48
\ta@div=\count185
\ta@hblk=\skip49
\ta@vblk=\skip50
\ta@temp=\skip51
\footheight=\skip52
Package typearea Info: These are the values describing the layout:
(typearea)             DIV  = 11
(typearea)             BCOR = 28.45274pt
(typearea)             \paperwidth      = 597.50793pt
(typearea)              \textwidth      = 413.85834pt
(typearea)              DIV departure   = -5%
(typearea)              \evensidemargin = 33.78117pt
(typearea)              \oddsidemargin  = 33.78117pt
(typearea)             \paperheight     = 845.04694pt
(typearea)              \textheight     = 582.20026pt
(typearea)              \topmargin      = 4.55246pt
(typearea)              \headheight     = 17.0pt
(typearea)              \headsep        = 20.40001pt
(typearea)              \topskip        = 11.0pt
(typearea)              \footskip       = 47.6pt
(typearea)              \baselineskip   = 13.6pt
(typearea)              on input line 1743.
)
\c@part=\count186
\c@chapter=\count187
\c@section=\count188
\c@subsection=\count189
\c@subsubsection=\count190
\c@paragraph=\count191
\c@subparagraph=\count192
\scr@dte@chapter@maxnumwidth=\skip53
Class scrbook Info: using compatibility default `afterindent=bysign'
(scrbook)           for `\chapter on input line 5715.
\scr@dte@section@maxnumwidth=\skip54
Class scrbook Info: using compatibility default `runin=bysign'
(scrbook)           for `\section on input line 5726.
Class scrbook Info: using compatibility default `afterindent=bysign'
(scrbook)           for `\section on input line 5726.
\scr@dte@part@maxnumwidth=\skip55
Class scrbook Info: using compatibility default `afterindent=true'
(scrbook)           for `\part on input line 5735.
\scr@dte@subsection@maxnumwidth=\skip56
Class scrbook Info: using compatibility default `runin=bysign'
(scrbook)           for `\subsection on input line 5745.
Class scrbook Info: using compatibility default `afterindent=bysign'
(scrbook)           for `\subsection on input line 5745.
\scr@dte@subsubsection@maxnumwidth=\skip57
Class scrbook Info: using compatibility default `runin=bysign'
(scrbook)           for `\subsubsection on input line 5755.
Class scrbook Info: using compatibility default `afterindent=bysign'
(scrbook)           for `\subsubsection on input line 5755.
\scr@dte@paragraph@maxnumwidth=\skip58
Class scrbook Info: using compatibility default `runin=bysign'
(scrbook)           for `\paragraph on input line 5766.
Class scrbook Info: using compatibility default `afterindent=bysign'
(scrbook)           for `\paragraph on input line 5766.
\scr@dte@subparagraph@maxnumwidth=\skip59
Class scrbook Info: using compatibility default `runin=bysign'
(scrbook)           for `\subparagraph on input line 5776.
Class scrbook Info: using compatibility default `afterindent=bysign'
(scrbook)           for `\subparagraph on input line 5776.
\abovecaptionskip=\skip60
\belowcaptionskip=\skip61
\c@pti@nb@sid@b@x=\box51
Package tocbasic Info: babel extension for `lof' omitted
(tocbasic)             because of missing \bbl@set@language on input line 6962.

\scr@dte@figure@maxnumwidth=\skip62
\c@figure=\count193
Package tocbasic Info: babel extension for `lot' omitted
(tocbasic)             because of missing \bbl@set@language on input line 6978.

\scr@dte@table@maxnumwidth=\skip63
\c@table=\count194
Class scrbook Info: Redefining `\numberline' on input line 7146.
\bibindent=\dimen138
)
(/usr/local/Cellar/texlive/20220321/share/texmf-dist/tex/generic/babel/babel.st
y
Package: babel 2022/02/26 3.73 The Babel package
\babel@savecnt=\count195
\U@D=\dimen139
\l@unhyphenated=\language87

(/usr/local/Cellar/texlive/20220321/share/texmf-dist/tex/generic/babel/txtbabel
.def)
\bbl@readstream=\read2
\bbl@dirlevel=\count196

(/usr/local/Cellar/texlive/20220321/share/texmf-dist/tex/generic/babel-german/n
german.ldf
Language: ngerman 2021/02/27 v2.13 German support for babel (post-1996 orthogra
phy)

(/usr/local/Cellar/texlive/20220321/share/texmf-dist/tex/generic/babel-german/n
germanb.ldf
Language: ngermanb 2021/02/27 v2.13 German support for babel (post-1996 orthogr
aphy)
Package babel Info: Making " an active character on input line 122.
))
(/usr/local/Cellar/texlive/20220321/share/texmf-dist/tex/generic/babel-english/
english.ldf
Language: english 2017/06/06 v3.3r English support from the babel system
Package babel Info: Hyphen rules for 'canadian' set to \l@english
(babel)             (\language0). Reported on input line 102.
Package babel Info: Hyphen rules for 'australian' set to \l@ukenglish
(babel)             (\language21). Reported on input line 105.
Package babel Info: Hyphen rules for 'newzealand' set to \l@ukenglish
(babel)             (\language21). Reported on input line 108.
))
(/usr/local/Cellar/texlive/20220321/share/texmf-dist/tex/latex/base/fontenc.sty
Package: fontenc 2021/04/29 v2.0v Standard LaTeX package
)
(/usr/local/Cellar/texlive/20220321/share/texmf-dist/tex/latex/appendix/appendi
x.sty
Package: appendix 2020/02/08 v1.2c extra appendix facilities
\c@@pps=\count197
\c@@ppsavesec=\count198
\c@@ppsaveapp=\count199
)
(/usr/local/Cellar/texlive/20220321/share/texmf-dist/tex/latex/base/inputenc.st
y
Package: inputenc 2021/02/14 v1.3d Input encoding file
\inpenc@prehook=\toks17
\inpenc@posthook=\toks18
)
(/usr/local/Cellar/texlive/20220321/share/texmf-dist/tex/latex/libertine/libert
ine.sty
Package: libertine 2020/03/26 (Bob Tennent) Supports Libertine and Biolinum fon
ts for all LaTeX engines.

(/usr/local/Cellar/texlive/20220321/share/texmf-dist/tex/generic/iftex/ifxetex.
sty
Package: ifxetex 2019/10/25 v0.7 ifxetex legacy package. Use iftex instead.

(/usr/local/Cellar/texlive/20220321/share/texmf-dist/tex/generic/iftex/iftex.st
y
Package: iftex 2022/02/03 v1.0f TeX engine tests
))
(/usr/local/Cellar/texlive/20220321/share/texmf-dist/tex/generic/iftex/ifluatex
.sty
Package: ifluatex 2019/10/25 v1.5 ifluatex legacy package. Use iftex instead.
)
(/usr/local/Cellar/texlive/20220321/share/texmf-dist/tex/latex/xkeyval/xkeyval.
sty
Package: xkeyval 2020/11/20 v2.8 package option processing (HA)

(/usr/local/Cellar/texlive/20220321/share/texmf-dist/tex/generic/xkeyval/xkeyva
l.tex
(/usr/local/Cellar/texlive/20220321/share/texmf-dist/tex/generic/xkeyval/xkvuti
ls.tex
\XKV@toks=\toks19
\XKV@tempa@toks=\toks20
)
\XKV@depth=\count266
File: xkeyval.tex 2014/12/03 v2.7a key=value parser (HA)
))
(/usr/local/Cellar/texlive/20220321/share/texmf-dist/tex/latex/base/textcomp.st
y
Package: textcomp 2020/02/02 v2.0n Standard LaTeX package
)
(/usr/local/Cellar/texlive/20220321/share/texmf-dist/tex/latex/base/fontenc.sty
Package: fontenc 2021/04/29 v2.0v Standard LaTeX package
)
(/usr/local/Cellar/texlive/20220321/share/texmf-dist/tex/latex/fontaxes/fontaxe
s.sty
Package: fontaxes 2020/07/21 v1.0e Font selection axes
LaTeX Info: Redefining \upshape on input line 29.
LaTeX Info: Redefining \itshape on input line 31.
LaTeX Info: Redefining \slshape on input line 33.
LaTeX Info: Redefining \swshape on input line 35.
LaTeX Info: Redefining \scshape on input line 37.
LaTeX Info: Redefining \sscshape on input line 39.
LaTeX Info: Redefining \ulcshape on input line 41.
LaTeX Info: Redefining \textsw on input line 47.
LaTeX Info: Redefining \textssc on input line 48.
LaTeX Info: Redefining \textulc on input line 49.
)
LaTeX Info: Redefining \oldstylenums on input line 484.

(/usr/local/Cellar/texlive/20220321/share/texmf-dist/tex/latex/libertine/LinLib
ertine_I.tex)) (./minipage.sty)
(/usr/local/Cellar/texlive/20220321/share/texmf-dist/tex/latex/float/float.sty
Package: float 2001/11/08 v1.3d Float enhancements (AL)
\c@float@type=\count267
\float@exts=\toks21
\float@box=\box52
\@float@everytoks=\toks22
\@floatcapt=\box53
)
(/usr/local/Cellar/texlive/20220321/share/texmf-dist/tex/latex/subfig/subfig.st
y
Package: subfig 2005/06/28 ver: 1.3 subfig package

(/usr/local/Cellar/texlive/20220321/share/texmf-dist/tex/latex/caption/caption.
sty
Package: caption 2022/03/01 v3.6b Customizing captions (AR)

(/usr/local/Cellar/texlive/20220321/share/texmf-dist/tex/latex/caption/caption3
.sty
Package: caption3 2022/03/17 v2.3b caption3 kernel (AR)
\caption@tempdima=\dimen140
\captionmargin=\dimen141
\caption@leftmargin=\dimen142
\caption@rightmargin=\dimen143
\caption@width=\dimen144
\caption@indent=\dimen145
\caption@parindent=\dimen146
\caption@hangindent=\dimen147
Package caption Info: KOMA-Script document class detected.

(/usr/local/Cellar/texlive/20220321/share/texmf-dist/tex/latex/caption/caption-
koma.sto
File: caption-koma.sto 2020/09/21 v2.0b Adaption of the caption package to the 
KOMA-Script document classes (AR)
))
\c@caption@flags=\count268
\c@continuedfloat=\count269
Package caption Info: float package is loaded.
)
\c@KVtest=\count270
\sf@farskip=\skip64
\sf@captopadj=\dimen148
\sf@capskip=\skip65
\sf@nearskip=\skip66
\c@subfigure=\count271
\c@subfigure@save=\count272
\c@lofdepth=\count273
\c@subtable=\count274
\c@subtable@save=\count275
\c@lotdepth=\count276
\sf@top=\skip67
\sf@bottom=\skip68
)
(/usr/local/Cellar/texlive/20220321/share/texmf-dist/tex/latex/makecell/makecel
l.sty
Package: makecell 2009/08/03 V0.1e Managing of Tab Column Heads and Cells

(/usr/local/Cellar/texlive/20220321/share/texmf-dist/tex/latex/tools/array.sty
Package: array 2021/10/04 v2.5f Tabular extension package (FMi)
\col@sep=\dimen149
\ar@mcellbox=\box54
\extrarowheight=\dimen150
\NC@list=\toks23
\extratabsurround=\skip69
\backup@length=\skip70
\ar@cellbox=\box55
)
\rotheadsize=\dimen151
\c@nlinenum=\count277
\TeXr@lab=\toks24
)
(/usr/local/Cellar/texlive/20220321/share/texmf-dist/tex/latex/psnfss/pifont.st
y
Package: pifont 2020/03/25 PSNFSS-v9.3 Pi font support (SPQR) 
LaTeX Font Info:    Trying to load font information for U+pzd on input line 63.

 (/usr/local/Cellar/texlive/20220321/share/texmf-dist/tex/latex/psnfss/upzd.fd
File: upzd.fd 2001/06/04 font definitions for U/pzd.
)
LaTeX Font Info:    Trying to load font information for U+psy on input line 64.

 (/usr/local/Cellar/texlive/20220321/share/texmf-dist/tex/latex/psnfss/upsy.fd
File: upsy.fd 2001/06/04 font definitions for U/psy.
))
(/usr/local/Cellar/texlive/20220321/share/texmf-dist/tex/latex/microtype/microt
ype.sty
Package: microtype 2022/03/14 v3.0d Micro-typographical refinements (RS)

(/usr/local/Cellar/texlive/20220321/share/texmf-dist/tex/latex/etoolbox/etoolbo
x.sty
Package: etoolbox 2020/10/05 v2.5k e-TeX tools for LaTeX (JAW)
\etb@tempcnta=\count278
)
\MT@toks=\toks25
\MT@tempbox=\box56
\MT@count=\count279
LaTeX Info: Redefining \noprotrusionifhmode on input line 1027.
LaTeX Info: Redefining \leftprotrusion on input line 1028.
LaTeX Info: Redefining \rightprotrusion on input line 1036.
LaTeX Info: Redefining \textls on input line 1195.
\MT@outer@kern=\dimen152
LaTeX Info: Redefining \textmicrotypecontext on input line 1781.
\MT@listname@count=\count280

(/usr/local/Cellar/texlive/20220321/share/texmf-dist/tex/latex/microtype/microt
ype-pdftex.def
File: microtype-pdftex.def 2022/03/14 v3.0d Definitions specific to pdftex (RS)

LaTeX Info: Redefining \lsstyle on input line 900.
LaTeX Info: Redefining \lslig on input line 900.
\MT@outer@space=\skip71
)
Package microtype Info: Loading configuration file microtype.cfg.

(/usr/local/Cellar/texlive/20220321/share/texmf-dist/tex/latex/microtype/microt
ype.cfg
File: microtype.cfg 2022/03/14 v3.0d microtype main configuration file (RS)
))
(/usr/local/Cellar/texlive/20220321/share/texmf-dist/tex/latex/nomencl/nomencl.
sty
Package: nomencl 2021/11/10 v5.6 Nomenclature package

(/usr/local/Cellar/texlive/20220321/share/texmf-dist/tex/latex/base/ifthen.sty
Package: ifthen 2020/11/24 v1.1c Standard LaTeX ifthen package (DPC)
)
Package tocbasic Info: setting babel extension for `nlo' on input line 187.
Package tocbasic Info: setting babel extension for `nls' on input line 188.
\nomlabelwidth=\dimen153
\nom@tempdim=\dimen154
\nomitemsep=\skip72
)
(/usr/local/Cellar/texlive/20220321/share/texmf-dist/tex/latex/setspace/setspac
e.sty
Package: setspace 2011/12/19 v6.7a set line spacing
)
(/usr/local/Cellar/texlive/20220321/share/texmf-dist/tex/latex/base/makeidx.sty
Package: makeidx 2021/10/04 v1.0m Standard LaTeX package
)
(/usr/local/Cellar/texlive/20220321/share/texmf-dist/tex/latex/listings/listing
s.sty
\lst@mode=\count281
\lst@gtempboxa=\box57
\lst@token=\toks26
\lst@length=\count282
\lst@currlwidth=\dimen155
\lst@column=\count283
\lst@pos=\count284
\lst@lostspace=\dimen156
\lst@width=\dimen157
\lst@newlines=\count285
\lst@lineno=\count286
\lst@maxwidth=\dimen158

(/usr/local/Cellar/texlive/20220321/share/texmf-dist/tex/latex/listings/lstmisc
.sty
File: lstmisc.sty 2020/03/24 1.8d (Carsten Heinz)
\c@lstnumber=\count287
\lst@skipnumbers=\count288
\lst@framebox=\box58
)
(/usr/local/Cellar/texlive/20220321/share/texmf-dist/tex/latex/listings/listing
s.cfg
File: listings.cfg 2020/03/24 1.8d listings configuration
))
Package: listings 2020/03/24 1.8d (Carsten Heinz)

(/usr/local/Cellar/texlive/20220321/share/texmf-dist/tex/latex/natbib/natbib.st
y
Package: natbib 2010/09/13 8.31b (PWD, AO)
\bibhang=\skip73
\bibsep=\skip74
LaTeX Info: Redefining \cite on input line 694.
\c@NAT@ctr=\count289
)
(/usr/local/Cellar/texlive/20220321/share/texmf-dist/tex/latex/hyperref/hyperre
f.sty
Package: hyperref 2022-02-21 v7.00n Hypertext links for LaTeX

(/usr/local/Cellar/texlive/20220321/share/texmf-dist/tex/generic/ltxcmds/ltxcmd
s.sty
Package: ltxcmds 2020-05-10 v1.25 LaTeX kernel commands for general use (HO)
)
(/usr/local/Cellar/texlive/20220321/share/texmf-dist/tex/generic/pdftexcmds/pdf
texcmds.sty
Package: pdftexcmds 2020-06-27 v0.33 Utility functions of pdfTeX for LuaTeX (HO
)

(/usr/local/Cellar/texlive/20220321/share/texmf-dist/tex/generic/infwarerr/infw
arerr.sty
Package: infwarerr 2019/12/03 v1.5 Providing info/warning/error messages (HO)
)
Package pdftexcmds Info: \pdf@primitive is available.
Package pdftexcmds Info: \pdf@ifprimitive is available.
Package pdftexcmds Info: \pdfdraftmode found.
)
(/usr/local/Cellar/texlive/20220321/share/texmf-dist/tex/generic/kvsetkeys/kvse
tkeys.sty
Package: kvsetkeys 2019/12/15 v1.18 Key value parser (HO)
)
(/usr/local/Cellar/texlive/20220321/share/texmf-dist/tex/generic/kvdefinekeys/k
vdefinekeys.sty
Package: kvdefinekeys 2019-12-19 v1.6 Define keys (HO)
)
(/usr/local/Cellar/texlive/20220321/share/texmf-dist/tex/generic/pdfescape/pdfe
scape.sty
Package: pdfescape 2019/12/09 v1.15 Implements pdfTeX's escape features (HO)
)
(/usr/local/Cellar/texlive/20220321/share/texmf-dist/tex/latex/hycolor/hycolor.
sty
Package: hycolor 2020-01-27 v1.10 Color options for hyperref/bookmark (HO)
)
(/usr/local/Cellar/texlive/20220321/share/texmf-dist/tex/latex/letltxmacro/letl
txmacro.sty
Package: letltxmacro 2019/12/03 v1.6 Let assignment for LaTeX macros (HO)
)
(/usr/local/Cellar/texlive/20220321/share/texmf-dist/tex/latex/auxhook/auxhook.
sty
Package: auxhook 2019-12-17 v1.6 Hooks for auxiliary files (HO)
)
(/usr/local/Cellar/texlive/20220321/share/texmf-dist/tex/latex/kvoptions/kvopti
ons.sty
Package: kvoptions 2020-10-07 v3.14 Key value format for package options (HO)
)
\@linkdim=\dimen159
\Hy@linkcounter=\count290
\Hy@pagecounter=\count291

(/usr/local/Cellar/texlive/20220321/share/texmf-dist/tex/latex/hyperref/pd1enc.
def
File: pd1enc.def 2022-02-21 v7.00n Hyperref: PDFDocEncoding definition (HO)
Now handling font encoding PD1 ...
... no UTF-8 mapping file for font encoding PD1
)
(/usr/local/Cellar/texlive/20220321/share/texmf-dist/tex/generic/intcalc/intcal
c.sty
Package: intcalc 2019/12/15 v1.3 Expandable calculations with integers (HO)
)
(/usr/local/Cellar/texlive/20220321/share/texmf-dist/tex/generic/etexcmds/etexc
mds.sty
Package: etexcmds 2019/12/15 v1.7 Avoid name clashes with e-TeX commands (HO)
)
\Hy@SavedSpaceFactor=\count292

(/usr/local/Cellar/texlive/20220321/share/texmf-dist/tex/latex/hyperref/puenc.d
ef
File: puenc.def 2022-02-21 v7.00n Hyperref: PDF Unicode definition (HO)
Now handling font encoding PU ...
... no UTF-8 mapping file for font encoding PU
)
Package hyperref Info: Option `draft' set `false' on input line 4018.
Package hyperref Info: Option `colorlinks' set `true' on input line 4018.
Package hyperref Info: Hyper figures OFF on input line 4137.
Package hyperref Info: Link nesting OFF on input line 4142.
Package hyperref Info: Hyper index ON on input line 4145.
Package hyperref Info: Plain pages OFF on input line 4152.
Package hyperref Info: Backreferencing OFF on input line 4157.
Package hyperref Info: Implicit mode ON; LaTeX internals redefined.
Package hyperref Info: Bookmarks ON on input line 4390.
\c@Hy@tempcnt=\count293
 (/usr/local/Cellar/texlive/20220321/share/texmf-dist/tex/latex/url/url.sty
\Urlmuskip=\muskip16
Package: url 2013/09/16  ver 3.4  Verb mode for urls, etc.
)
LaTeX Info: Redefining \url on input line 4749.
\XeTeXLinkMargin=\dimen160

(/usr/local/Cellar/texlive/20220321/share/texmf-dist/tex/generic/bitset/bitset.
sty
Package: bitset 2019/12/09 v1.3 Handle bit-vector datatype (HO)

(/usr/local/Cellar/texlive/20220321/share/texmf-dist/tex/generic/bigintcalc/big
intcalc.sty
Package: bigintcalc 2019/12/15 v1.5 Expandable calculations on big integers (HO
)
))
\Fld@menulength=\count294
\Field@Width=\dimen161
\Fld@charsize=\dimen162
Package hyperref Info: Hyper figures OFF on input line 6027.
Package hyperref Info: Link nesting OFF on input line 6032.
Package hyperref Info: Hyper index ON on input line 6035.
Package hyperref Info: backreferencing OFF on input line 6042.
Package hyperref Info: Link coloring ON on input line 6045.
Package hyperref Info: Link coloring with OCG OFF on input line 6052.
Package hyperref Info: PDF/A mode OFF on input line 6057.
LaTeX Info: Redefining \ref on input line 6097.
LaTeX Info: Redefining \pageref on input line 6101.

(/usr/local/Cellar/texlive/20220321/share/texmf-dist/tex/latex/base/atbegshi-lt
x.sty
Package: atbegshi-ltx 2021/01/10 v1.0c Emulation of the original atbegshi
package with kernel methods
)
\Hy@abspage=\count295
\c@Item=\count296
\c@Hfootnote=\count297
)
Package hyperref Info: Driver (autodetected): hpdftex.

(/usr/local/Cellar/texlive/20220321/share/texmf-dist/tex/latex/hyperref/hpdftex
.def
File: hpdftex.def 2022-02-21 v7.00n Hyperref driver for pdfTeX

(/usr/local/Cellar/texlive/20220321/share/texmf-dist/tex/latex/base/atveryend-l
tx.sty
Package: atveryend-ltx 2020/08/19 v1.0a Emulation of the original atveryend pac
kage
with kernel methods
)
\Fld@listcount=\count298
\c@bookmark@seq@number=\count299

(/usr/local/Cellar/texlive/20220321/share/texmf-dist/tex/latex/rerunfilecheck/r
erunfilecheck.sty
Package: rerunfilecheck 2019/12/05 v1.9 Rerun checks for auxiliary files (HO)

(/usr/local/Cellar/texlive/20220321/share/texmf-dist/tex/generic/uniquecounter/
uniquecounter.sty
Package: uniquecounter 2019/12/15 v1.4 Provide unlimited unique counter (HO)
)
Package uniquecounter Info: New unique counter `rerunfilecheck' on input line 2
86.
)
\Hy@SectionHShift=\skip75
)
(/usr/local/Cellar/texlive/20220321/share/texmf-dist/tex/generic/soul/soul.sty
Package: soul 2003/11/17 v2.4 letterspacing/underlining (mf)
\SOUL@word=\toks27
\SOUL@lasttoken=\toks28
\SOUL@cmds=\toks29
\SOUL@buffer=\toks30
\SOUL@token=\toks31
\SOUL@spaceskip=\skip76
\SOUL@ttwidth=\dimen163
\SOUL@uldp=\dimen164
\SOUL@ulht=\dimen165
) (./hawstyle.sty
Package: hawstyle 2010/04/26 v1.0 HAW Thesis Style

(/usr/local/Cellar/texlive/20220321/share/texmf-dist/tex/latex/xcolor/xcolor.st
y
Package: xcolor 2021/10/31 v2.13 LaTeX color extensions (UK)

(/usr/local/Cellar/texlive/20220321/share/texmf-dist/tex/latex/graphics-cfg/col
or.cfg
File: color.cfg 2016/01/02 v1.6 sample color configuration
)
Package xcolor Info: Driver file: pdftex.def on input line 227.

(/usr/local/Cellar/texlive/20220321/share/texmf-dist/tex/latex/graphics-def/pdf
tex.def
File: pdftex.def 2020/10/05 v1.2a Graphics/color driver for pdftex
)
Package xcolor Info: Model `cmy' substituted by `cmy0' on input line 1352.
Package xcolor Info: Model `hsb' substituted by `rgb' on input line 1356.
Package xcolor Info: Model `RGB' extended on input line 1368.
Package xcolor Info: Model `HTML' substituted by `rgb' on input line 1370.
Package xcolor Info: Model `Hsb' substituted by `hsb' on input line 1371.
Package xcolor Info: Model `tHsb' substituted by `hsb' on input line 1372.
Package xcolor Info: Model `HSB' substituted by `hsb' on input line 1373.
Package xcolor Info: Model `Gray' substituted by `gray' on input line 1374.
Package xcolor Info: Model `wave' substituted by `hsb' on input line 1375.
)
(/usr/local/Cellar/texlive/20220321/share/texmf-dist/tex/latex/tools/calc.sty
Package: calc 2017/05/25 v4.3 Infix arithmetic (KKT,FJ)
\calc@Acount=\count300
\calc@Bcount=\count301
\calc@Adimen=\dimen166
\calc@Bdimen=\dimen167
\calc@Askip=\skip77
\calc@Bskip=\skip78
LaTeX Info: Redefining \setlength on input line 80.
LaTeX Info: Redefining \addtolength on input line 81.
\calc@Ccount=\count302
\calc@Cskip=\skip79
)
(/usr/local/Cellar/texlive/20220321/share/texmf-dist/tex/latex/textpos/textpos.
sty
Package: textpos 2020/09/26 v1.10

Package: textpos 2020/09/26 1.10, absolute positioning of text on the page
Package textpos Info: choosing support for LaTeX3 on input line 61.
\TP@textbox=\box59
\TP@holdbox=\box60
\TPHorizModule=\dimen168
\TPVertModule=\dimen169
\TP@margin=\dimen170
\TP@absmargin=\dimen171
Grid set 16 x 16 = 37.34424pt x 52.81543pt
\TPboxrulesize=\dimen172
\TP@ox=\dimen173
\TP@oy=\dimen174
\TP@tbargs=\toks32
TextBlockOrigin set to 0pt x 0pt
)
(/usr/local/Cellar/texlive/20220321/share/texmf-dist/tex/latex/koma-script/scrl
ayer-scrpage.sty
Package: scrlayer-scrpage 2021/11/13 v3.35 KOMA-Script package (end user interf
ace for scrlayer)

(/usr/local/Cellar/texlive/20220321/share/texmf-dist/tex/latex/koma-script/scrl
ayer.sty
Package: scrlayer 2021/11/13 v3.35 KOMA-Script package (defining layers and pag
e styles)
Package scrlayer Info: Using already defined \footheight
(scrlayer)             hoping, that this is a length and
(scrlayer)             not only a macro on input line 136.
Package scrlayer Info: patching LaTeX kernel macro \pagestyle on input line 216
2.
)
Package scrlayer-scrpage Info: Makeing stand-alone element `pagehead' from
(scrlayer-scrpage)             alias to `pageheadfoot' on input line 1085.
Package scrlayer-scrpage Info: deactivating warning for font element
(scrlayer-scrpage)             `pagefoot' on input line 1109.
)
Package scrlayer-scrpage Info: auto-selection of `pagestyleset=KOMA-Script'.

(/usr/local/Cellar/texlive/20220321/share/texmf-dist/tex/latex/graphics/graphic
x.sty
Package: graphicx 2021/09/16 v1.2d Enhanced LaTeX Graphics (DPC,SPQR)

(/usr/local/Cellar/texlive/20220321/share/texmf-dist/tex/latex/graphics/graphic
s.sty
Package: graphics 2021/03/04 v1.4d Standard LaTeX Graphics (DPC,SPQR)

(/usr/local/Cellar/texlive/20220321/share/texmf-dist/tex/latex/graphics/trig.st
y
Package: trig 2021/08/11 v1.11 sin cos tan (DPC)
)
(/usr/local/Cellar/texlive/20220321/share/texmf-dist/tex/latex/graphics-cfg/gra
phics.cfg
File: graphics.cfg 2016/06/04 v1.11 sample graphics configuration
)
Package graphics Info: Driver file: pdftex.def on input line 107.
)
\Gin@req@height=\dimen175
\Gin@req@width=\dimen176
))
(/usr/local/Cellar/texlive/20220321/share/texmf-dist/tex/latex/lipsum/lipsum.st
y
(/usr/local/Cellar/texlive/20220321/share/texmf-dist/tex/latex/l3packages/l3key
s2e/l3keys2e.sty
(/usr/local/Cellar/texlive/20220321/share/texmf-dist/tex/latex/l3kernel/expl3.s
ty
Package: expl3 2022-02-24 L3 programming layer (loader) 

(/usr/local/Cellar/texlive/20220321/share/texmf-dist/tex/latex/l3backend/l3back
end-pdftex.def
File: l3backend-pdftex.def 2022-02-07 L3 backend support: PDF output (pdfTeX)
\l__color_backend_stack_int=\count303
\l__pdf_internal_box=\box61
))
Package: l3keys2e 2022-01-12 LaTeX2e option processing using LaTeX3 keys
)
Package: lipsum 2021-09-20 v2.7 150 paragraphs of Lorem Ipsum dummy text
\g__lipsum_par_int=\count304
\l__lipsum_a_int=\count305
\l__lipsum_b_int=\count306

(/usr/local/Cellar/texlive/20220321/share/texmf-dist/tex/latex/lipsum/lipsum.lt
d.tex))
(/usr/local/Cellar/texlive/20220321/share/texmf-dist/tex/latex/amsmath/amsmath.
sty
Package: amsmath 2021/10/15 v2.17l AMS math features
\@mathmargin=\skip80

For additional information on amsmath, use the `?' option.

(/usr/local/Cellar/texlive/20220321/share/texmf-dist/tex/latex/amsmath/amstext.
sty
Package: amstext 2021/08/26 v2.01 AMS text

(/usr/local/Cellar/texlive/20220321/share/texmf-dist/tex/latex/amsmath/amsgen.s
ty
File: amsgen.sty 1999/11/30 v2.0 generic functions
\@emptytoks=\toks33
\ex@=\dimen177
))
(/usr/local/Cellar/texlive/20220321/share/texmf-dist/tex/latex/amsmath/amsbsy.s
ty
Package: amsbsy 1999/11/29 v1.2d Bold Symbols
\pmbraise@=\dimen178
)
(/usr/local/Cellar/texlive/20220321/share/texmf-dist/tex/latex/amsmath/amsopn.s
ty
Package: amsopn 2021/08/26 v2.02 operator names
)
\inf@bad=\count307
LaTeX Info: Redefining \frac on input line 234.
\uproot@=\count308
\leftroot@=\count309
LaTeX Info: Redefining \overline on input line 399.
\classnum@=\count310
\DOTSCASE@=\count311
LaTeX Info: Redefining \ldots on input line 496.
LaTeX Info: Redefining \dots on input line 499.
LaTeX Info: Redefining \cdots on input line 620.
\Mathstrutbox@=\box62
\strutbox@=\box63
\big@size=\dimen179
LaTeX Font Info:    Redeclaring font encoding OML on input line 743.
LaTeX Font Info:    Redeclaring font encoding OMS on input line 744.
\macc@depth=\count312
\c@MaxMatrixCols=\count313
\dotsspace@=\muskip17
\c@parentequation=\count314
\dspbrk@lvl=\count315
\tag@help=\toks34
\row@=\count316
\column@=\count317
\maxfields@=\count318
\andhelp@=\toks35
\eqnshift@=\dimen180
\alignsep@=\dimen181
\tagshift@=\dimen182
\tagwidth@=\dimen183
\totwidth@=\dimen184
\lineht@=\dimen185
\@envbody=\toks36
\multlinegap=\skip81
\multlinetaggap=\skip82
\mathdisplay@stack=\toks37
LaTeX Info: Redefining \[ on input line 2938.
LaTeX Info: Redefining \] on input line 2939.
)
(/usr/local/Cellar/texlive/20220321/share/texmf-dist/tex/latex/amsfonts/amssymb
.sty
Package: amssymb 2013/01/14 v3.01 AMS font symbols

(/usr/local/Cellar/texlive/20220321/share/texmf-dist/tex/latex/amsfonts/amsfont
s.sty
Package: amsfonts 2013/01/14 v3.01 Basic AMSFonts support
\symAMSa=\mathgroup4
\symAMSb=\mathgroup5
LaTeX Font Info:    Redeclaring math symbol \hbar on input line 98.
LaTeX Font Info:    Overwriting math alphabet `\mathfrak' in version `bold'
(Font)                  U/euf/m/n --> U/euf/b/n on input line 106.
))
(/usr/local/Cellar/texlive/20220321/share/texmf-dist/tex/latex/lm/lmodern.sty
Package: lmodern 2015/05/01 v1.6.1 Latin Modern Fonts
LaTeX Font Info:    Overwriting symbol font `operators' in version `normal'
(Font)                  OT1/cmr/m/n --> OT1/lmr/m/n on input line 22.
LaTeX Font Info:    Overwriting symbol font `letters' in version `normal'
(Font)                  OML/cmm/m/it --> OML/lmm/m/it on input line 23.
LaTeX Font Info:    Overwriting symbol font `symbols' in version `normal'
(Font)                  OMS/cmsy/m/n --> OMS/lmsy/m/n on input line 24.
LaTeX Font Info:    Overwriting symbol font `largesymbols' in version `normal'
(Font)                  OMX/cmex/m/n --> OMX/lmex/m/n on input line 25.
LaTeX Font Info:    Overwriting symbol font `operators' in version `bold'
(Font)                  OT1/cmr/bx/n --> OT1/lmr/bx/n on input line 26.
LaTeX Font Info:    Overwriting symbol font `letters' in version `bold'
(Font)                  OML/cmm/b/it --> OML/lmm/b/it on input line 27.
LaTeX Font Info:    Overwriting symbol font `symbols' in version `bold'
(Font)                  OMS/cmsy/b/n --> OMS/lmsy/b/n on input line 28.
LaTeX Font Info:    Overwriting symbol font `largesymbols' in version `bold'
(Font)                  OMX/cmex/m/n --> OMX/lmex/m/n on input line 29.
LaTeX Font Info:    Overwriting math alphabet `\mathbf' in version `normal'
(Font)                  OT1/cmr/bx/n --> OT1/lmr/bx/n on input line 31.
LaTeX Font Info:    Overwriting math alphabet `\mathsf' in version `normal'
(Font)                  OT1/cmss/m/n --> OT1/lmss/m/n on input line 32.
LaTeX Font Info:    Overwriting math alphabet `\mathit' in version `normal'
(Font)                  OT1/cmr/m/it --> OT1/lmr/m/it on input line 33.
LaTeX Font Info:    Overwriting math alphabet `\mathtt' in version `normal'
(Font)                  OT1/cmtt/m/n --> OT1/lmtt/m/n on input line 34.
LaTeX Font Info:    Overwriting math alphabet `\mathbf' in version `bold'
(Font)                  OT1/cmr/bx/n --> OT1/lmr/bx/n on input line 35.
LaTeX Font Info:    Overwriting math alphabet `\mathsf' in version `bold'
(Font)                  OT1/cmss/bx/n --> OT1/lmss/bx/n on input line 36.
LaTeX Font Info:    Overwriting math alphabet `\mathit' in version `bold'
(Font)                  OT1/cmr/bx/it --> OT1/lmr/bx/it on input line 37.
LaTeX Font Info:    Overwriting math alphabet `\mathtt' in version `bold'
(Font)                  OT1/cmtt/m/n --> OT1/lmtt/m/n on input line 38.
)
(/usr/local/Cellar/texlive/20220321/share/texmf-dist/tex/latex/base/fontenc.sty
Package: fontenc 2021/04/29 v2.0v Standard LaTeX package
LaTeX Font Info:    Trying to load font information for T1+lmr on input line 11
2.
(/usr/local/Cellar/texlive/20220321/share/texmf-dist/tex/latex/lm/t1lmr.fd
File: t1lmr.fd 2015/05/01 v1.6.1 Font defs for Latin Modern
))
(/usr/local/Cellar/texlive/20220321/share/texmf-dist/tex/latex/upquote/upquote.
sty
Package: upquote 2012/04/19 v1.3 upright-quote and grave-accent glyphs in verba
tim
)
(/usr/local/Cellar/texlive/20220321/share/texmf-dist/tex/latex/xurl/xurl.sty
Package: xurl 2022/01/09 v 0.10 modify URL breaks
)
(/usr/local/Cellar/texlive/20220321/share/texmf-dist/tex/latex/bookmark/bookmar
k.sty
Package: bookmark 2020-11-06 v1.29 PDF bookmarks (HO)

(/usr/local/Cellar/texlive/20220321/share/texmf-dist/tex/latex/bookmark/bkm-pdf
tex.def
File: bkm-pdftex.def 2020-11-06 v1.29 bookmark driver for pdfTeX (HO)
\BKM@id=\count319
))
(/usr/local/Cellar/texlive/20220321/share/texmf-dist/tex/latex/fancyvrb/fancyvr
b.sty
Package: fancyvrb 2021/12/21 4.1b verbatim text (tvz,hv)
\FV@CodeLineNo=\count320
\FV@InFile=\read3
\FV@TabBox=\box64
\c@FancyVerbLine=\count321
\FV@StepNumber=\count322
\FV@OutFile=\write3
)
(/usr/local/Cellar/texlive/20220321/share/texmf-dist/tex/latex/tools/longtable.
sty
Package: longtable 2021-09-01 v4.17 Multi-page Table package (DPC)
\LTleft=\skip83
\LTright=\skip84
\LTpre=\skip85
\LTpost=\skip86
\LTchunksize=\count323
\LTcapwidth=\dimen186
\LT@head=\box65
\LT@firsthead=\box66
\LT@foot=\box67
\LT@lastfoot=\box68
\LT@gbox=\box69
\LT@cols=\count324
\LT@rows=\count325
\c@LT@tables=\count326
\c@LT@chunks=\count327
\LT@p@ftn=\toks38
)
Class scrbook Info: longtable captions redefined on input line 112.

(/usr/local/Cellar/texlive/20220321/share/texmf-dist/tex/latex/booktabs/booktab
s.sty
Package: booktabs 2020/01/12 v1.61803398 Publication quality tables
\heavyrulewidth=\dimen187
\lightrulewidth=\dimen188
\cmidrulewidth=\dimen189
\belowrulesep=\dimen190
\belowbottomsep=\dimen191
\aboverulesep=\dimen192
\abovetopsep=\dimen193
\cmidrulesep=\dimen194
\cmidrulekern=\dimen195
\defaultaddspace=\dimen196
\@cmidla=\count328
\@cmidlb=\count329
\@aboverulesep=\dimen197
\@belowrulesep=\dimen198
\@thisruleclass=\count330
\@lastruleclass=\count331
\@thisrulewidth=\dimen199
)
(/usr/local/Cellar/texlive/20220321/share/texmf-dist/tex/latex/footnotehyper/fo
otnotehyper.sty
Package: footnotehyper 2021/08/13 v1.1e hyperref aware footnote.sty (JFB)
\FNH@notes=\box70
\FNH@width=\dimen256
\FNH@toks=\toks39
)

Package scrbase Warning: Usage of deprecated command `\ifpdfoutput'.
(scrbase)                The command has been renamed because of a
(scrbase)                recommendation of The LaTeX Project Team.
(scrbase)                Please replace `\ifpdfoutput' by `\Ifpdfoutput' on inp
ut line 179.

Package hyperref Info: Option `bookmarksopen' set `false' on input line 181.
Package hyperref Info: Option `bookmarksnumbered' set `true' on input line 181.

Package hyperref Info: Option `linktocpage' set `true' on input line 181.
Package typearea Info: These are the values describing the layout:
(typearea)             DIV  = 11
(typearea)             BCOR = 28.45274pt
(typearea)             \paperwidth      = 597.50793pt
(typearea)              \textwidth      = 413.85834pt
(typearea)              DIV departure   = -5%
(typearea)              \evensidemargin = 33.78117pt
(typearea)              \oddsidemargin  = 33.78117pt
(typearea)             \paperheight     = 845.04694pt
(typearea)              \textheight     = 582.20026pt
(typearea)              \topmargin      = 4.55246pt
(typearea)              \headheight     = 17.0pt
(typearea)              \headsep        = 20.40001pt
(typearea)              \topskip        = 11.0pt
(typearea)              \footskip       = 47.6pt
(typearea)              \baselineskip   = 13.6pt
(typearea)              on input line 195.
\@indexfile=\write4
\openout4 = `sample.idx'.

Writing index file sample.idx
\@nomenclaturefile=\write5
\openout5 = `sample.nlo'.

Package nomencl Info: Writing nomenclature file sample.nlo on input line 198.
(./sample.aux (./text_content.aux) (./appendix_a.aux

LaTeX Warning: Label `table:questions_minified' multiply defined.


LaTeX Warning: Label `table:metrics_minified' multiply defined.


LaTeX Warning: Label `table:metrics_minified' multiply defined.


LaTeX Warning: Label `table:metrics_minified' multiply defined.


LaTeX Warning: Label `table:metrics_minified' multiply defined.


LaTeX Warning: Label `table:metrics_minified' multiply defined.


LaTeX Warning: Label `table:metrics_minified' multiply defined.


LaTeX Warning: Label `table:results_metrics_raw' multiply defined.


LaTeX Warning: Label `table:results_metrics_raw' multiply defined.


LaTeX Warning: Label `table:results_metrics_raw' multiply defined.


LaTeX Warning: Label `table:results_metrics_raw' multiply defined.


LaTeX Warning: Label `table:results_metrics_mapped' multiply defined.


LaTeX Warning: Label `table:results_metrics_mapped' multiply defined.


LaTeX Warning: Label `table:results_questions' multiply defined.

))
\openout1 = `sample.aux'.

LaTeX Font Info:    Checking defaults for OML/cmm/m/it on input line 200.
LaTeX Font Info:    ... okay on input line 200.
LaTeX Font Info:    Checking defaults for OMS/cmsy/m/n on input line 200.
LaTeX Font Info:    ... okay on input line 200.
LaTeX Font Info:    Checking defaults for OT1/cmr/m/n on input line 200.
LaTeX Font Info:    ... okay on input line 200.
LaTeX Font Info:    Checking defaults for T1/cmr/m/n on input line 200.
LaTeX Font Info:    ... okay on input line 200.
LaTeX Font Info:    Checking defaults for TS1/cmr/m/n on input line 200.
LaTeX Font Info:    ... okay on input line 200.
LaTeX Font Info:    Checking defaults for OMX/cmex/m/n on input line 200.
LaTeX Font Info:    ... okay on input line 200.
LaTeX Font Info:    Checking defaults for U/cmr/m/n on input line 200.
LaTeX Font Info:    ... okay on input line 200.
LaTeX Font Info:    Checking defaults for PD1/pdf/m/n on input line 200.
LaTeX Font Info:    ... okay on input line 200.
LaTeX Font Info:    Checking defaults for PU/pdf/m/n on input line 200.
LaTeX Font Info:    ... okay on input line 200.
Package scrbase Info: activating english \contentsname on input line 200.
Package scrbase Info: activating english \listfigurename on input line 200.
Package scrbase Info: activating english \listtablename on input line 200.
\c@mv@tabular=\count332
\c@mv@boldtabular=\count333
Package caption Info: Begin \AtBeginDocument code.
Package caption Info: subfig package v1.3 is loaded.
Package caption Info: hyperref package is loaded.
Package caption Info: listings package is loaded.
Package caption Info: longtable package is loaded.

(/usr/local/Cellar/texlive/20220321/share/texmf-dist/tex/latex/caption/ltcaptio
n.sty
Package: ltcaption 2021/01/08 v1.4c longtable captions (AR)
)
Package caption Info: End \AtBeginDocument code.
LaTeX Info: Redefining \microtypecontext on input line 200.
Package microtype Info: Applying patch `item' on input line 200.
Package microtype Info: Applying patch `toc' on input line 200.
Package microtype Info: Applying patch `eqnum' on input line 200.
Package microtype Info: Applying patch `footnote' on input line 200.
Package microtype Info: Generating PDF output.
Package microtype Info: Character protrusion enabled (level 2).
Package microtype Info: Using protrusion set `basicmath'.
Package microtype Info: Automatic font expansion enabled (level 2),
(microtype)             stretch: 20, shrink: 20, step: 1, non-selected.
Package microtype Info: Using default expansion set `alltext-nott'.
LaTeX Info: Redefining \showhyphens on input line 200.
Package microtype Info: No adjustment of tracking.
Package microtype Info: No adjustment of interword spacing.
Package microtype Info: No adjustment of character kerning.

(/usr/local/Cellar/texlive/20220321/share/texmf-dist/tex/latex/microtype/mt-cmr
.cfg
File: mt-cmr.cfg 2013/05/19 v2.2 microtype config. file: Computer Modern Roman 
(RS)
)
\c@lstlisting=\count334
Package hyperref Info: Link coloring OFF on input line 200.

(/usr/local/Cellar/texlive/20220321/share/texmf-dist/tex/latex/hyperref/nameref
.sty
Package: nameref 2021-04-02 v2.47 Cross-referencing by name of section

(/usr/local/Cellar/texlive/20220321/share/texmf-dist/tex/latex/refcount/refcoun
t.sty
Package: refcount 2019/12/15 v3.6 Data extraction from label references (HO)
)
(/usr/local/Cellar/texlive/20220321/share/texmf-dist/tex/generic/gettitlestring
/gettitlestring.sty
Package: gettitlestring 2019/12/15 v1.6 Cleanup title references (HO)
)
\c@section@level=\count335
)
LaTeX Info: Redefining \ref on input line 200.
LaTeX Info: Redefining \pageref on input line 200.
LaTeX Info: Redefining \nameref on input line 200.

(/usr/local/Cellar/texlive/20220321/share/texmf-dist/tex/context/base/mkii/supp
-pdf.mkii
[Loading MPS to PDF converter (version 2006.09.02).]
\scratchcounter=\count336
\scratchdimen=\dimen257
\scratchbox=\box71
\nofMPsegments=\count337
\nofMParguments=\count338
\everyMPshowfont=\toks40
\MPscratchCnt=\count339
\MPscratchDim=\dimen258
\MPnumerator=\count340
\makeMPintoPDFobject=\count341
\everyMPtoPDFconversion=\toks41
)
(/usr/local/Cellar/texlive/20220321/share/texmf-dist/tex/latex/epstopdf-pkg/eps
topdf-base.sty
Package: epstopdf-base 2020-01-24 v2.11 Base part for package epstopdf
Package epstopdf-base Info: Redefining graphics rule for `.eps' on input line 4
85.

(/usr/local/Cellar/texlive/20220321/share/texmf-dist/tex/latex/latexconfig/epst
opdf-sys.cfg
File: epstopdf-sys.cfg 2010/07/13 v1.3 Configuration of (r)epstopdf for TeX Liv
e
))

Package scrbase Warning: Usage of deprecated command `\ifpdfoutput'.
(scrbase)                The command has been renamed because of a
(scrbase)                recommendation of The LaTeX Project Team.
(scrbase)                Please replace `\ifpdfoutput' by `\Ifpdfoutput' on inp
ut line 200.


Package scrlayer-scrpage Warning: replacing deprecated \clearscrheadfoot by
(scrlayer-scrpage)                \clearpairofpagestyles on input line 200.

LaTeX Font Info:    Trying to load font information for T1+lmss on input line 2
22.
(/usr/local/Cellar/texlive/20220321/share/texmf-dist/tex/latex/lm/t1lmss.fd
File: t1lmss.fd 2015/05/01 v1.6.1 Font defs for Latin Modern
)
Package microtype Info: Loading generic protrusion settings for font family
(microtype)             `lmss' (encoding: T1).
(microtype)             For optimal results, create family-specific settings.
(microtype)             See the microtype manual for details.
<./logo//HAW_logo.png, id=4, 768.8725pt x 231.86626pt>
File: ./logo//HAW_logo.png Graphic file (type png)
<use ./logo//HAW_logo.png>
Package pdftex.def Info: ./logo//HAW_logo.png  used on input line 222.
(pdftex.def)             Requested size: 284.53703pt x 85.80685pt.

Overfull \hbox (227.63153pt too wide) in paragraph at lines 222--222
[][] 
 []

LaTeX Font Info:    Trying to load font information for OT1+lmr on input line 2
22.
(/usr/local/Cellar/texlive/20220321/share/texmf-dist/tex/latex/lm/ot1lmr.fd
File: ot1lmr.fd 2015/05/01 v1.6.1 Font defs for Latin Modern
)
LaTeX Font Info:    Trying to load font information for OML+lmm on input line 2
22.

(/usr/local/Cellar/texlive/20220321/share/texmf-dist/tex/latex/lm/omllmm.fd
File: omllmm.fd 2015/05/01 v1.6.1 Font defs for Latin Modern
)
LaTeX Font Info:    Trying to load font information for OMS+lmsy on input line 
222.

(/usr/local/Cellar/texlive/20220321/share/texmf-dist/tex/latex/lm/omslmsy.fd
File: omslmsy.fd 2015/05/01 v1.6.1 Font defs for Latin Modern
)
LaTeX Font Info:    Trying to load font information for OMX+lmex on input line 
222.

(/usr/local/Cellar/texlive/20220321/share/texmf-dist/tex/latex/lm/omxlmex.fd
File: omxlmex.fd 2015/05/01 v1.6.1 Font defs for Latin Modern
)
LaTeX Font Info:    External font `lmex10' loaded for size
(Font)              <10.95> on input line 222.
LaTeX Font Info:    External font `lmex10' loaded for size
(Font)              <8> on input line 222.
LaTeX Font Info:    External font `lmex10' loaded for size
(Font)              <6> on input line 222.
LaTeX Font Info:    Trying to load font information for U+msa on input line 222
.

(/usr/local/Cellar/texlive/20220321/share/texmf-dist/tex/latex/amsfonts/umsa.fd
File: umsa.fd 2013/01/14 v3.01 AMS symbols A
)
(/usr/local/Cellar/texlive/20220321/share/texmf-dist/tex/latex/microtype/mt-msa
.cfg
File: mt-msa.cfg 2006/02/04 v1.1 microtype config. file: AMS symbols (a) (RS)
)
LaTeX Font Info:    Trying to load font information for U+msb on input line 222
.

(/usr/local/Cellar/texlive/20220321/share/texmf-dist/tex/latex/amsfonts/umsb.fd
File: umsb.fd 2013/01/14 v3.01 AMS symbols B
)
(/usr/local/Cellar/texlive/20220321/share/texmf-dist/tex/latex/microtype/mt-msb
.cfg
File: mt-msb.cfg 2005/06/01 v1.0 microtype config. file: AMS symbols (b) (RS)
)
Overfull \hbox (10.95pt too wide) in paragraph at lines 222--222
[]$[]$ 
 []

LaTeX Font Info:    Font shape `T1/lmss/b/n' in size <10.95> not available
(Font)              Font shape `T1/lmss/bx/n' tried instead on input line 222.
LaTeX Font Info:    Font shape `T1/lmss/b/n' in size <24.88> not available
(Font)              Font shape `T1/lmss/bx/n' tried instead on input line 222.
LaTeX Font Info:    Font shape `T1/lmss/b/n' in size <14.4> not available
(Font)              Font shape `T1/lmss/bx/n' tried instead on input line 222.
LaTeX Font Info:    Font shape `T1/lmss/b/n' in size <12> not available
(Font)              Font shape `T1/lmss/bx/n' tried instead on input line 222.

Overfull \hbox (329.93037pt too wide) in paragraph at lines 222--222
[][][][][][][] 
 []

\haw@xpos=\skip87
\haw@fw=\skip88
\haw@tw=\skip89

Overfull \hbox (466.19418pt too wide) in paragraph at lines 222--222
[]$[]$ 
 []

[1{/usr/local/Cellar/texlive/20220321/share/texmf-dist/fonts/map/pdftex/updmap/
pdftex.map}




 <./logo//HAW_logo.png>]
Underfull \hbox (badness 10000) in paragraph at lines 222--222

 []

[2] [3]
LaTeX Font Info:    Font shape `T1/lmss/b/n' in size <20.74> not available
(Font)              Font shape `T1/lmss/bx/n' tried instead on input line 257.
Package tocbasic Info: character protrusion at toc deactivated on input line 25
7.
 (./sample.toc [4


])
\tf@toc=\write6
\openout6 = `sample.toc'.

 [5]
Package tocbasic Info: character protrusion at lof deactivated on input line 25
9.
 (./sample.lof [6


])
\tf@lof=\write7
\openout7 = `sample.lof'.

 [7]
===== File: chapter 1
\openout2 = `text_content.aux'.

(./text_content.tex
chapter 1.

Class scrbook Warning: \float@addtolists detected!
(scrbook)              Implementation of \float@addtolist became
(scrbook)              deprecated in KOMA-Script v3.01 2008/11/14 and
(scrbook)              has been replaced by several more flexible
(scrbook)              features of package `tocbasic`.
(scrbook)              Since Version 3.12 support for deprecated
(scrbook)              \float@addtolist interface has been
(scrbook)              restricted to only some of the KOMA-Script
(scrbook)              features and been removed from others.
(scrbook)              Loading of package `scrhack' may help to
(scrbook)              avoid this warning, if you are using a
(scrbook)              a package that still implements the
(scrbook)              deprecated \float@addtolist interface.

[1





]
LaTeX Font Info:    Trying to load font information for TS1+lmr on input line 4
4.
 (/usr/local/Cellar/texlive/20220321/share/texmf-dist/tex/latex/lm/ts1lmr.fd
File: ts1lmr.fd 2015/05/01 v1.6.1 Font defs for Latin Modern
) [2

] [3]
chapter 2.
LaTeX Font Info:    Trying to load font information for T1+lmtt on input line 9
9.
(/usr/local/Cellar/texlive/20220321/share/texmf-dist/tex/latex/lm/t1lmtt.fd
File: t1lmtt.fd 2015/05/01 v1.6.1 Font defs for Latin Modern
)

LaTeX Warning: No positions in optional float specifier.
               Default added (so using `htbp') on input line 108.

LaTeX Font Info:    Font shape `T1/lmtt/bx/n' in size <10.95> not available
(Font)              Font shape `T1/lmtt/b/n' tried instead on input line 111.
[4



]

LaTeX Warning: No positions in optional float specifier.
               Default added (so using `htbp') on input line 137.

<images/react_parent_child.png, id=293, 882.29625pt x 629.35126pt>
File: images/react_parent_child.png Graphic file (type png)
<use images/react_parent_child.png>
Package pdftex.def Info: images/react_parent_child.png  used on input line 169.

(pdftex.def)             Requested size: 206.9223pt x 147.59987pt.
[5 <./images/react_parent_child.png>]
<images/Untitled_1.png, id=301, 586.19pt x 184.69pt>
File: images/Untitled_1.png Graphic file (type png)
<use images/Untitled_1.png>
Package pdftex.def Info: images/Untitled_1.png  used on input line 192.
(pdftex.def)             Requested size: 206.9227pt x 65.19481pt.
 [6 <./images/Untitled_1.png>] [7]
<images/share_state.jpg, id=320, 845.3181pt x 597.6729pt>
File: images/share_state.jpg Graphic file (type jpg)
<use images/share_state.jpg>
Package pdftex.def Info: images/share_state.jpg  used on input line 266.
(pdftex.def)             Requested size: 289.70029pt x 204.8294pt.
<images/prop_drilling.jpg, id=322, 845.0772pt x 597.6729pt>
File: images/prop_drilling.jpg Graphic file (type jpg)
<use images/prop_drilling.jpg>
Package pdftex.def Info: images/prop_drilling.jpg  used on input line 280.
(pdftex.def)             Requested size: 289.69508pt x 204.88412pt.


LaTeX Warning: `!h' float specifier changed to `!ht'.

[8


 <./images/share_state.jpg>]
<images/derived_state.jpg, id=332, 3522.15875pt x 2490.30376pt>
File: images/derived_state.jpg Graphic file (type jpg)
<use images/derived_state.jpg>
Package pdftex.def Info: images/derived_state.jpg  used on input line 297.
(pdftex.def)             Requested size: 289.67879pt x 204.81421pt.
 [9 <./images/prop_drilling.jpg> <./images/derived_state.jpg>]
<images/use_case.jpg, id=341, 1990.43625pt x 1357.07pt>
File: images/use_case.jpg Graphic file (type jpg)
<use images/use_case.jpg>
Package pdftex.def Info: images/use_case.jpg  used on input line 334.
(pdftex.def)             Requested size: 413.84305pt x 282.15622pt.


LaTeX Warning: `!h' float specifier changed to `!ht'.

[10]
LaTeX Font Info:    External font `lmex10' loaded for size
(Font)              <10> on input line 370.
LaTeX Font Info:    External font `lmex10' loaded for size
(Font)              <7> on input line 370.
LaTeX Font Info:    External font `lmex10' loaded for size
(Font)              <5> on input line 370.

Underfull \hbox (badness 10000) in paragraph at lines 377--377
[]|\T1/lmtt/m/n/10 addArticleToCart
 []


Underfull \hbox (badness 10000) in paragraph at lines 378--378
[]|\T1/lmtt/m/n/10 removeArticleFromCart
 []


Overfull \hbox (11.85382pt too wide) in paragraph at lines 370--383
 [][] 
 []


LaTeX Warning: `!h' float specifier changed to `!ht'.

<images/class_diagram.jpg, id=352, 1134.2375pt x 495.8525pt>
File: images/class_diagram.jpg Graphic file (type jpg)
<use images/class_diagram.jpg>
Package pdftex.def Info: images/class_diagram.jpg  used on input line 389.
(pdftex.def)             Requested size: 331.08383pt x 144.7393pt.

LaTeX Warning: `!h' float specifier changed to `!ht'.

[11 <./images/use_case.jpg>] [12 <./images/class_diagram.jpg>] [13

] [14]
[15

] [16]
<images/redux.jpg, id=408, 650.9118pt x 330.5148pt>
File: images/redux.jpg Graphic file (type jpg)
<use images/redux.jpg>
Package pdftex.def Info: images/redux.jpg  used on input line 596.
(pdftex.def)             Requested size: 413.86073pt x 210.14688pt.
LaTeX Font Info:    Trying to load font information for TS1+lmtt on input line 
614.

(/usr/local/Cellar/texlive/20220321/share/texmf-dist/tex/latex/lm/ts1lmtt.fd
File: ts1lmtt.fd 2015/05/01 v1.6.1 Font defs for Latin Modern
)

LaTeX Warning: `!h' float specifier changed to `!ht'.

[17


 <./images/redux.jpg>] [18]
<images/Untitled_9.png, id=438, 639.38875pt x 409.53pt>
File: images/Untitled_9.png Graphic file (type png)
<use images/Untitled_9.png>
Package pdftex.def Info: images/Untitled_9.png  used on input line 693.
(pdftex.def)             Requested size: 289.70279pt x 185.55531pt.
<images/Untitled_10.png, id=441, 639.38875pt x 465.74pt>
File: images/Untitled_10.png Graphic file (type png)
<use images/Untitled_10.png>
Package pdftex.def Info: images/Untitled_10.png  used on input line 701.
(pdftex.def)             Requested size: 289.70279pt x 211.0237pt.
 [19 <./images/Untitled_9.png>] [20 <./images/Untitled_10.png>]
<images/Untitled_11.png, id=465, 817.0525pt x 321.2pt>
File: images/Untitled_11.png Graphic file (type png)
<use images/Untitled_11.png>
Package pdftex.def Info: images/Untitled_11.png  used on input line 740.
(pdftex.def)             Requested size: 331.09146pt x 130.1588pt.
 [21


 <./images/Untitled_11.png>] [22


]
<images/Untitled.jpeg, id=502, 1565.85pt x 943.525pt>
File: images/Untitled.jpeg Graphic file (type jpg)
<use images/Untitled.jpeg>
Package pdftex.def Info: images/Untitled.jpeg  used on input line 834.
(pdftex.def)             Requested size: 289.67772pt x 174.5494pt.
<images/Untitled_1.jpeg, id=503, 1455.4375pt x 774.895pt>
File: images/Untitled_1.jpeg Graphic file (type jpg)
<use images/Untitled_1.jpeg>
Package pdftex.def Info: images/Untitled_1.jpeg  used on input line 841.
(pdftex.def)             Requested size: 289.68323pt x 154.23134pt.
 [23


 <./images/Untitled.jpeg>] [24 <./images/Untitled_1.jpeg>]
chapter 3.
<images/Untitled_12.png, id=521, 759.83875pt x 502.87875pt>
File: images/Untitled_12.png Graphic file (type png)
<use images/Untitled_12.png>
Package pdftex.def Info: images/Untitled_12.png  used on input line 901.
(pdftex.def)             Requested size: 331.09529pt x 219.12648pt.
[25



 <./images/Untitled_12.png>]
<images/mccall.jpg, id=539, 1409.265pt x 1017.8025pt>
File: images/mccall.jpg Graphic file (type jpg)
<use images/mccall.jpg>
Package pdftex.def Info: images/mccall.jpg  used on input line 940.
(pdftex.def)             Requested size: 413.85876pt x 298.898pt.
<images/boehm.jpg, id=547, 1294.8375pt x 1206.5075pt>
File: images/boehm.jpg Graphic file (type jpg)
<use images/boehm.jpg>
Package pdftex.def Info: images/boehm.jpg  used on input line 956.
(pdftex.def)             Requested size: 289.68599pt x 269.92445pt.
 [26 <./images/mccall.jpg>]
<images/dromey.jpg, id=559, 1332.98pt x 624.3325pt>
File: images/dromey.jpg Graphic file (type jpg)
<use images/dromey.jpg>
Package pdftex.def Info: images/dromey.jpg  used on input line 970.
(pdftex.def)             Requested size: 289.69707pt x 135.68643pt.


LaTeX Warning: `!h' float specifier changed to `!ht'.

<images/furps.jpg, id=565, 1035.87pt x 1409.265pt>
File: images/furps.jpg Graphic file (type jpg)
<use images/furps.jpg>
Package pdftex.def Info: images/furps.jpg  used on input line 986.
(pdftex.def)             Requested size: 206.91742pt x 281.50395pt.

LaTeX Warning: `!h' float specifier changed to `!ht'.

[27 <./images/boehm.jpg>]
<images/iso-9126.jpg, id=577, 1383.1675pt x 1258.7025pt>
File: images/iso-9126.jpg Graphic file (type jpg)
<use images/iso-9126.jpg>
Package pdftex.def Info: images/iso-9126.jpg  used on input line 1003.
(pdftex.def)             Requested size: 289.69284pt x 263.6247pt.


LaTeX Warning: `!h' float specifier changed to `!ht'.

<images/iso-25010.jpg, id=582, 1433.355pt x 967.615pt>
File: images/iso-25010.jpg Graphic file (type jpg)
<use images/iso-25010.jpg>
Package pdftex.def Info: images/iso-25010.jpg  used on input line 1012.
(pdftex.def)             Requested size: 289.68414pt x 195.55708pt.

LaTeX Warning: `!h' float specifier changed to `!ht'.

<images/Untitled_13.png, id=587, 558.085pt x 724.7075pt>
File: images/Untitled_13.png Graphic file (type png)
<use images/Untitled_13.png>
Package pdftex.def Info: images/Untitled_13.png  used on input line 1021.
(pdftex.def)             Requested size: 331.09818pt x 429.95122pt.
[28 <./images/dromey.jpg> <./images/furps.jpg>]

LaTeX Warning: `!h' float specifier changed to `!ht'.

[29 <./images/iso-9126.jpg> <./images/iso-25010.jpg>] [30 <./images/Untitled_13
.png>]
<images/Untitled_14.png, id=612, 1526.70375pt x 431.6125pt>
File: images/Untitled_14.png Graphic file (type png)
<use images/Untitled_14.png>
Package pdftex.def Info: images/Untitled_14.png  used on input line 1050.
(pdftex.def)             Requested size: 413.84622pt x 116.99794pt.
 [31

 <./images/Untitled_14.png>] [32]
<images/Untitled_15.png, id=647, 787.94376pt x 551.05875pt>
File: images/Untitled_15.png Graphic file (type png)
<use images/Untitled_15.png>
Package pdftex.def Info: images/Untitled_15.png  used on input line 1141.
(pdftex.def)             Requested size: 248.3118pt x 173.6601pt.
 [33

 <./images/Untitled_15.png>]
[34]
chapter 4.
<images/Untitled_18.png, id=690, 739.76375pt x 639.38875pt>
File: images/Untitled_18.png Graphic file (type png)
<use images/Untitled_18.png>
Package pdftex.def Info: images/Untitled_18.png  used on input line 1193.
(pdftex.def)             Requested size: 248.31058pt x 214.61852pt.
[35



 <./images/Untitled_18.png>]
<images/Untitled_19.png, id=710, 796.9775pt x 260.975pt>
File: images/Untitled_19.png Graphic file (type png)
<use images/Untitled_19.png>
Package pdftex.def Info: images/Untitled_19.png  used on input line 1238.
(pdftex.def)             Requested size: 289.69652pt x 94.86284pt.
<images/table_3.jpg, id=719, 2306.6175pt x 1383.1675pt>
File: images/table_3.jpg Graphic file (type jpg)
<use images/table_3.jpg>
Package pdftex.def Info: images/table_3.jpg  used on input line 1253.
(pdftex.def)             Requested size: 413.83578pt x 248.1574pt.
 [36 <./images/Untitled_19.png>]
<images/table_4.jpg, id=728, 2667.9675pt x 1391.1975pt>
File: images/table_4.jpg Graphic file (type jpg)
<use images/table_4.jpg>
Package pdftex.def Info: images/table_4.jpg  used on input line 1260.
(pdftex.def)             Requested size: 413.85637pt x 215.8032pt.


LaTeX Warning: `!h' float specifier changed to `!ht'.

<images/table_5.jpg, id=731, 2601.72pt x 652.4375pt>
File: images/table_5.jpg Graphic file (type jpg)
<use images/table_5.jpg>
Package pdftex.def Info: images/table_5.jpg  used on input line 1268.
(pdftex.def)             Requested size: 413.86208pt x 103.78485pt.

LaTeX Warning: `!h' float specifier changed to `!ht'.

<images/table_6.jpg, id=734, 2244.385pt x 1756.5625pt>
File: images/table_6.jpg Graphic file (type jpg)
<use images/table_6.jpg>
Package pdftex.def Info: images/table_6.jpg  used on input line 1275.
(pdftex.def)             Requested size: 413.83487pt x 323.88686pt.

LaTeX Warning: `!h' float specifier changed to `!ht'.

<images/table_7.jpg, id=737, 2615.7725pt x 1483.5425pt>
File: images/table_7.jpg Graphic file (type jpg)
<use images/table_7.jpg>
Package pdftex.def Info: images/table_7.jpg  used on input line 1282.
(pdftex.def)             Requested size: 413.82237pt x 234.70049pt.

LaTeX Warning: `!h' float specifier changed to `!ht'.


Overfull \hbox (10.95pt too wide) in paragraph at lines 1303--1317
[]$[]$ 
 []

[37 <./images/table_3.jpg>] [38 <./images/table_4.jpg> <./images/table_5.jpg>]
Overfull \hbox (10.95pt too wide) in paragraph at lines 1318--1340
[]$[]$ 
 []

[39 <./images/table_6.jpg>] [40 <./images/table_7.jpg>] [41

] [42] [43]
chapter 5.
<images/overview.png, id=809, 3919.64375pt x 2464.20625pt>
File: images/overview.png Graphic file (type png)
<use images/overview.png>
Package pdftex.def Info: images/overview.png  used on input line 1512.
(pdftex.def)             Requested size: 413.81758pt x 260.15932pt.
[44


 <./images/overview.png>]
<images/chart_quality.png, id=818, 4557.025pt x 2443.1275pt>
File: images/chart_quality.png Graphic file (type png)
<use images/chart_quality.png>
Package pdftex.def Info: images/chart_quality.png  used on input line 1534.
(pdftex.def)             Requested size: 413.79988pt x 221.84778pt.
 [45 <./images/chart_quality.png>]
<images/chart_quality_details.png, id=827, 3876.4825pt x 2453.165pt>
File: images/chart_quality_details.png Graphic file (type png)
<use images/chart_quality_details.png>
Package pdftex.def Info: images/chart_quality_details.png  used on input line 1
566.
(pdftex.def)             Requested size: 413.81538pt x 261.87592pt.
 [46 <./images/chart_quality_details.png>] [47]
<images/chart_comminity_trustworthiness.png, id=850, 3866.445pt x 2443.1275pt>
File: images/chart_comminity_trustworthiness.png Graphic file (type png)
<use images/chart_comminity_trustworthiness.png>
Package pdftex.def Info: images/chart_comminity_trustworthiness.png  used on in
put line 1645.
(pdftex.def)             Requested size: 413.80583pt x 261.47543pt.
 [48 <./images/chart_comminity_trustworthiness.png>]
<images/chart_attractiveness.png, id=859, 4578.10374pt x 2443.1275pt>
File: images/chart_attractiveness.png Graphic file (type png)
<use images/chart_attractiveness.png>
Package pdftex.def Info: images/chart_attractiveness.png  used on input line 16
70.
(pdftex.def)             Requested size: 413.82782pt x 220.84125pt.
 [49 <./images/chart_attractiveness.png>] [50] [51] [52] [53] [54]
chapter 6.
) [55


]
===== File: appendix
[56






]
\openout2 = `appendix_a.aux'.

 (./appendix_a.tex
chapter A.
(./csvs/definition_questions.tex [57



]) (./csvs/definition_metrics_minified.tex
Underfull \hbox (badness 10000) in paragraph at lines 8--8
[]|\T1/lmr/m/n/10.95 (+20) Number of op-er-at-ing sys-tems
 []


Underfull \hbox (badness 1210) in paragraph at lines 9--9
[]|\T1/lmr/m/n/10.95 (+20) Support for Func-tion and Class
 []


Underfull \hbox (badness 10000) in paragraph at lines 10--12
[]|\T1/lmr/m/n/10.95 (+20) Implementation avail-able=5
 []


Underfull \hbox (badness 10000) in paragraph at lines 13--13
[]|\T1/lmr/m/n/10.95 (+20) Availability of the in-stal-la-tion
 []


Underfull \hbox (badness 10000) in paragraph at lines 15--15
[]|\T1/lmr/m/n/10.95 (+20) Dependence on third-party
 []


Underfull \hbox (badness 10000) in paragraph at lines 17--17
\T1/lmr/m/n/10.95 (+20) and changed for min-i-mum
 []


Underfull \hbox (badness 10000) in paragraph at lines 19--19
[]|\T1/lmr/m/n/10.95 (+20) Internationalisation of the
 []


Overfull \hbox (4.33633pt too wide) in paragraph at lines 21--21
[]|\T1/lmr/m/n/10.95 (-20) 1a.2.10| 
 []


Underfull \hbox (badness 10000) in paragraph at lines 21--22
[]|\T1/lmr/m/n/10.95 (+20) Little pre-vi-ous knowl-edge re-
 []


Underfull \hbox (badness 10000) in paragraph at lines 21--22
\T1/lmr/m/n/10.95 (+20) quired=1 Medium knowl-edge
 []


Underfull \hbox (badness 4217) in paragraph at lines 21--22
\T1/lmr/m/n/10.95 (+20) re-quired=3 Un-der-stand-ing of a
 []


Overfull \hbox (4.33633pt too wide) in paragraph at lines 22--22
[]|\T1/lmr/m/n/10.95 (-20) 1a.2.11| 
 []


Underfull \hbox (badness 1308) in paragraph at lines 31--35
[]|\T1/lmr/m/n/10.95 (+20) Breaking API changes in ma-jor
 []


Underfull \hbox (badness 10000) in paragraph at lines 35--36
[]|\T1/lmr/m/n/10.95 (+20) 0=1 1-10=2 10-20=3 10-30=4
 []


Underfull \hbox (badness 3386) in paragraph at lines 36--37
[]|\T1/lmr/m/n/10.95 (+20) 0-92=1(Base 82) 92-102=2 102-
 []


Underfull \hbox (badness 10000) in paragraph at lines 42--42
[]|\T1/lmr/m/n/10.95 (+20) Availability of com-mu-nity
 []


Underfull \hbox (badness 5817) in paragraph at lines 58--60
[]|\T1/lmr/m/n/10.95 (+20) Redundant re-renders=1 Sub-op-
 []


Underfull \hbox (badness 4819) in paragraph at lines 58--60
\T1/lmr/m/n/10.95 (+20) ti-mal re-renders=3 Op-ti-mal re-
 []


Underfull \hbox (badness 2293) in paragraph at lines 73--75
[]|\T1/lmr/m/n/10.95 (+20) 0-5=1 5-10=2 10-15=3 15-20=4
 []


Underfull \hbox (badness 2126) in paragraph at lines 76--76
[]|\T1/lmr/m/n/10.95 (+20) Average num-ber of threads per
 []


Underfull \hbox (badness 4072) in paragraph at lines 80--80
[]|\T1/lmr/m/n/10.95 (+20) Usability of the doc-u-men-ta-tion
 []


Underfull \hbox (badness 10000) in paragraph at lines 85--85
[]|\T1/lmr/m/n/10.95 (+20) Number of faqs in the
 []


Underfull \hbox (badness 10000) in paragraph at lines 88--88
[]|\T1/lmr/m/n/10.95 (+20) Temporal cov-er-age of train-ing
 []


Underfull \hbox (badness 10000) in paragraph at lines 91--91
[]|\T1/lmr/m/n/10.95 (+20) Availability of cer-ti-fi-ca-tion
 []


Underfull \hbox (badness 10000) in paragraph at lines 95--95
[]|\T1/lmr/m/n/10.95 (+20) Availability of con-sult-ing
 []


Underfull \hbox (badness 10000) in paragraph at lines 105--107
[]|\T1/lmr/m/n/10.95 (+20) 0-250K=1 250K-500K=2 500K-
 []


Underfull \hbox (badness 1635) in paragraph at lines 107--109
[]|\T1/lmr/m/n/10.95 (+20) 0-50=1 50-500=2 500-5K=3 5K-
 []


Underfull \hbox (badness 10000) in paragraph at lines 114--114
[]|\T1/lmr/m/n/10.95 (+20) Number of of-fi-cial
 []


Underfull \hbox (badness 1565) in paragraph at lines 116--116
[]|\T1/lmr/m/n/10.95 (+20) Number of ci-ta-tions by do-main
 []

[58] [59] [60] [61] [62] [63]) [64]
chapter B.
(./csvs/results_metrics_raw.tex
Underfull \hbox (badness 10000) in paragraph at lines 5--5
[]|\T1/lmr/m/n/10.95 (+20) Metric
 []


Underfull \hbox (badness 10000) in paragraph at lines 5--5
[]|\T1/lmr/m/n/10.95 (+20) React Con-
 []


Underfull \hbox (badness 10000) in paragraph at lines 5--6
[]|\T1/lmr/m/n/10.95 (+20) Redux
 []


Overfull \hbox (14.60104pt too wide) in alignment at lines 1--8
 [] [] [] [] [] [] 
 []


Underfull \hbox (badness 10000) in paragraph at lines 10--10
[]|\T1/lmr/m/n/10.95 (+20) Beta im-ple-
 []


Underfull \hbox (badness 10000) in paragraph at lines 10--10
\T1/lmr/m/n/10.95 (+20) men-ta-tion
 []


Overfull \hbox (9.89903pt too wide) in paragraph at lines 10--11
[]|\T1/lmr/m/n/10.95 (-20) Implementation
 []


Underfull \hbox (badness 5091) in paragraph at lines 10--11
\T1/lmr/m/n/10.95 (+20) avail-able by
 []


Overfull \hbox (9.89903pt too wide) in paragraph at lines 11--11
[]|\T1/lmr/m/n/10.95 (-20) Implementation
 []


Underfull \hbox (badness 10000) in paragraph at lines 14--14
[]|\T1/lmr/m/n/10.95 (+20) 2 (App.js
 []


Underfull \hbox (badness 10000) in paragraph at lines 14--14
\T1/lmr/m/n/10.95 (+20) for adding
 []


Overfull \hbox (4.8525pt too wide) in paragraph at lines 14--14
\T1/lmr/m/n/10.95 (-20) QueryProvider
 []


Underfull \hbox (badness 5756) in paragraph at lines 14--14
\T1/lmr/m/n/10.95 (+20) + us-age in
 []


Underfull \hbox (badness 3088) in paragraph at lines 14--15
\T1/lmr/m/n/10.95 (+20) adding Con-
 []


Underfull \hbox (badness 10000) in paragraph at lines 14--15
\T1/lmr/m/n/10.95 (+20) textProvider
 []


Underfull \hbox (badness 5756) in paragraph at lines 14--15
\T1/lmr/m/n/10.95 (+20) + us-age in
 []


Underfull \hbox (badness 10000) in paragraph at lines 15--17
[]|\T1/lmr/m/n/10.95 (+20) 4 (defin-ing
 []


Underfull \hbox (badness 10000) in paragraph at lines 15--17
\T1/lmr/m/n/10.95 (+20) Store,adding
 []


Underfull \hbox (badness 10000) in paragraph at lines 15--17
\T1/lmr/m/n/10.95 (+20) Store-
 []


Underfull \hbox (badness 10000) in paragraph at lines 15--17
\T1/lmr/m/n/10.95 (+20) Provider
 []


Underfull \hbox (badness 10000) in paragraph at lines 15--17
\T1/lmr/m/n/10.95 (+20) in App.js,
 []


Underfull \hbox (badness 10000) in paragraph at lines 15--17
\T1/lmr/m/n/10.95 (+20) us-age in
 []


Underfull \hbox (badness 10000) in paragraph at lines 17--17
[]|\T1/lmr/m/n/10.95 (+20) 2 (App.js
 []


Underfull \hbox (badness 10000) in paragraph at lines 17--17
\T1/lmr/m/n/10.95 (+20) for adding
 []


Underfull \hbox (badness 10000) in paragraph at lines 17--17
\T1/lmr/m/n/10.95 (+20) Re-coil-Root
 []


Underfull \hbox (badness 5756) in paragraph at lines 17--17
\T1/lmr/m/n/10.95 (+20) + us-age in
 []


Underfull \hbox (badness 1817) in paragraph at lines 17--19
\T1/lmr/m/n/10.95 (+20) i-ni-tion, us-
 []


Overfull \hbox (7.01447pt too wide) in paragraph at lines 19--19
[]|\T1/lmr/m/n/10.95 (-20) Useful/rational
 []


Underfull \hbox (badness 10000) in paragraph at lines 19--19
\T1/lmr/m/n/10.95 (+20) de-fault op-
 []


Underfull \hbox (badness 10000) in paragraph at lines 19--19
\T1/lmr/m/n/10.95 (+20) tions pro-
 []


Overfull \hbox (7.01447pt too wide) in paragraph at lines 20--20
[]|\T1/lmr/m/n/10.95 (-20) Useful/rational
 []


Underfull \hbox (badness 10000) in paragraph at lines 20--20
\T1/lmr/m/n/10.95 (+20) de-fault op-
 []


Underfull \hbox (badness 10000) in paragraph at lines 20--20
\T1/lmr/m/n/10.95 (+20) tions pro-
 []


Underfull \hbox (badness 3158) in paragraph at lines 20--22
[]|\T1/lmr/m/n/10.95 (+20) No de-fault
 []


Underfull \hbox (badness 2662) in paragraph at lines 22--22
[]|\T1/lmr/m/n/10.95 (+20) English sup-
 []


Underfull \hbox (badness 10000) in paragraph at lines 22--22
[]|\T1/lmr/m/n/10.95 (+20) Multiple
 []


Underfull \hbox (badness 10000) in paragraph at lines 22--22
\T1/lmr/m/n/10.95 (+20) lan-guages
 []


Underfull \hbox (badness 2662) in paragraph at lines 22--23
[]|\T1/lmr/m/n/10.95 (+20) English sup-
 []


Underfull \hbox (badness 10000) in paragraph at lines 23--23
[]|\T1/lmr/m/n/10.95 (+20) Multiple
 []


Underfull \hbox (badness 10000) in paragraph at lines 23--23
\T1/lmr/m/n/10.95 (+20) lan-guages
 []


Underfull \hbox (badness 10000) in paragraph at lines 23--25
[]|\T1/lmr/m/n/10.95 (+20) Multiple
 []


Underfull \hbox (badness 10000) in paragraph at lines 23--25
\T1/lmr/m/n/10.95 (+20) lan-guages
 []


Underfull \hbox (badness 10000) in paragraph at lines 26--26
[]|\T1/lmr/m/n/10.95 (+20) Medium
 []


Underfull \hbox (badness 10000) in paragraph at lines 26--26
\T1/lmr/m/n/10.95 (+20) knowl-edge
 []


Underfull \hbox (badness 10000) in paragraph at lines 26--26
[]|\T1/lmr/m/n/10.95 (+20) Medium
 []


Underfull \hbox (badness 10000) in paragraph at lines 26--26
\T1/lmr/m/n/10.95 (+20) knowl-edge
 []


Overfull \hbox (4.9278pt too wide) in paragraph at lines 27--27
[]|\T1/lmr/m/n/10.95 (-20) Understanding
 []


Overfull \hbox (4.9278pt too wide) in paragraph at lines 27--28
[]|\T1/lmr/m/n/10.95 (-20) Understanding
 []


Underfull \hbox (badness 10000) in paragraph at lines 28--29
[]|\T1/lmr/m/n/10.95 (+20) Little
 []


Underfull \hbox (badness 10000) in paragraph at lines 28--29
\T1/lmr/m/n/10.95 (+20) pre-vi-ous
 []


Underfull \hbox (badness 10000) in paragraph at lines 28--29
\T1/lmr/m/n/10.95 (+20) knowl-edge
 []


Underfull \hbox (badness 10000) in paragraph at lines 29--29
[]|\T1/lmr/m/n/10.95 (+20) Installation
 []


Underfull \hbox (badness 10000) in paragraph at lines 29--29
\T1/lmr/m/n/10.95 (+20) guide avail-
 []


Underfull \hbox (badness 10000) in paragraph at lines 29--29
[]|\T1/lmr/m/n/10.95 (+20) Installation
 []


Underfull \hbox (badness 10000) in paragraph at lines 29--29
\T1/lmr/m/n/10.95 (+20) guide avail-
 []


Underfull \hbox (badness 10000) in paragraph at lines 30--30
[]|\T1/lmr/m/n/10.95 (+20) Installation
 []


Underfull \hbox (badness 10000) in paragraph at lines 30--30
\T1/lmr/m/n/10.95 (+20) guide avail-
 []


Underfull \hbox (badness 10000) in paragraph at lines 30--30
[]|\T1/lmr/m/n/10.95 (+20) Installation
 []


Underfull \hbox (badness 10000) in paragraph at lines 30--30
\T1/lmr/m/n/10.95 (+20) guide avail-
 []


Underfull \hbox (badness 10000) in paragraph at lines 31--32
[]|\T1/lmr/m/n/10.95 (+20) Installation
 []


Underfull \hbox (badness 10000) in paragraph at lines 32--32
[]|\T1/lmr/m/n/10.95 (+20) 3+:SWR,
 []


Underfull \hbox (badness 2460) in paragraph at lines 32--32
\T1/lmr/m/n/10.95 (+20) urlq, apollo,
 []


Underfull \hbox (badness 10000) in paragraph at lines 32--33
\T1/lmr/m/n/10.95 (+20) all state
 []


Underfull \hbox (badness 10000) in paragraph at lines 32--33
\T1/lmr/m/n/10.95 (+20) man-age-ment
 []


Underfull \hbox (badness 10000) in paragraph at lines 33--33
[]|\T1/lmr/m/n/10.95 (+20) 3+:e.g.
 []


Overfull \hbox (2.48189pt too wide) in paragraph at lines 33--33
\T1/lmr/m/n/10.95 (-20) USM,Zustand,
 []


Underfull \hbox (badness 4229) in paragraph at lines 34--35
[]|\T1/lmr/m/n/10.95 (+20) No equiv-a-
 []


Underfull \hbox (badness 10000) in paragraph at lines 36--38
[]|\T1/lmr/m/n/10.95 (+20) Yes (in-
 []


Underfull \hbox (badness 10000) in paragraph at lines 36--38
\T1/lmr/m/n/10.95 (+20) cludes
 []


Underfull \hbox (badness 10000) in paragraph at lines 36--38
\T1/lmr/m/n/10.95 (+20) ad-vanced
 []


Underfull \hbox (badness 10000) in paragraph at lines 36--38
\T1/lmr/m/n/10.95 (+20) in-cludes
 []


Underfull \hbox (badness 3536) in paragraph at lines 36--38
\T1/lmr/m/n/10.95 (+20) to sup-port
 []


Underfull \hbox (badness 10000) in paragraph at lines 36--38
\T1/lmr/m/n/10.95 (+20) lat-est ver-
 []


Underfull \hbox (badness 10000) in paragraph at lines 39--40
[]|\T1/lmr/m/n/10.95 (+20) Breaking
 []


Underfull \hbox (badness 10000) in paragraph at lines 39--40
\T1/lmr/m/n/10.95 (+20) in ma-jor
 []


Underfull \hbox (badness 10000) in paragraph at lines 39--40
\T1/lmr/m/n/10.95 (+20) mi-gra-tion
 []


Underfull \hbox (badness 10000) in paragraph at lines 39--40
\T1/lmr/m/n/10.95 (+20) guide and
 []


Underfull \hbox (badness 10000) in paragraph at lines 40--41
[]|\T1/lmr/m/n/10.95 (+20) Breaking
 []


Underfull \hbox (badness 10000) in paragraph at lines 40--41
\T1/lmr/m/n/10.95 (+20) in ma-jor
 []


Underfull \hbox (badness 1490) in paragraph at lines 41--41
[]|\T1/lmr/m/n/10.95 (+20) No break-ing
 []


Underfull \hbox (badness 10000) in paragraph at lines 41--41
\T1/lmr/m/n/10.95 (+20) in-tro-duced
 []


Underfull \hbox (badness 10000) in paragraph at lines 41--42
[]|\T1/lmr/m/n/10.95 (+20) Breaking
 []


Underfull \hbox (badness 10000) in paragraph at lines 41--42
\T1/lmr/m/n/10.95 (+20) in ma-jor
 []


Underfull \hbox (badness 10000) in paragraph at lines 42--44
[]|\T1/lmr/m/n/10.95 (+20) Breaking
 []


Underfull \hbox (badness 10000) in paragraph at lines 42--44
\T1/lmr/m/n/10.95 (+20) API
 []


Underfull \hbox (badness 10000) in paragraph at lines 42--44
\T1/lmr/m/n/10.95 (+20) changes
 []


Underfull \hbox (badness 10000) in paragraph at lines 42--44
\T1/lmr/m/n/10.95 (+20) in ma-jor
 []


Underfull \hbox (badness 10000) in paragraph at lines 42--44
\T1/lmr/m/n/10.95 (+20) ver-sions
 []


Underfull \hbox (badness 10000) in paragraph at lines 42--44
\T1/lmr/m/n/10.95 (+20) with mi-
 []


Underfull \hbox (badness 10000) in paragraph at lines 42--44
\T1/lmr/m/n/10.95 (+20) gra-tion
 []


Underfull \hbox (badness 10000) in paragraph at lines 42--44
\T1/lmr/m/n/10.95 (+20) guide and
 []


Underfull \hbox (badness 10000) in paragraph at lines 54--56
[]|\T1/lmr/m/n/10.95 (+20) Yes (in-
 []


Underfull \hbox (badness 10000) in paragraph at lines 54--56
\T1/lmr/m/n/10.95 (+20) cludes
 []


Underfull \hbox (badness 10000) in paragraph at lines 54--56
\T1/lmr/m/n/10.95 (+20) ad-vanced
 []


Underfull \hbox (badness 10000) in paragraph at lines 54--56
\T1/lmr/m/n/10.95 (+20) in-cludes
 []


Underfull \hbox (badness 3536) in paragraph at lines 54--56
\T1/lmr/m/n/10.95 (+20) to sup-port
 []


Underfull \hbox (badness 10000) in paragraph at lines 54--56
\T1/lmr/m/n/10.95 (+20) lat-est ver-
 []


Underfull \hbox (badness 10000) in paragraph at lines 62--62
[]|\T1/lmr/m/n/10.95 (+20) Suboptimal
 []


Underfull \hbox (badness 10000) in paragraph at lines 62--62
[]|\T1/lmr/m/n/10.95 (+20) Redundant
 []


Underfull \hbox (badness 10000) in paragraph at lines 62--63
[]|\T1/lmr/m/n/10.95 (+20) Suboptimal
 []


Underfull \hbox (badness 10000) in paragraph at lines 63--63
[]|\T1/lmr/m/n/10.95 (+20) Optimal
 []


Underfull \hbox (badness 10000) in paragraph at lines 72--72
[]|\T1/lmr/m/n/10.95 (+20) Advanced
 []


Underfull \hbox (badness 10000) in paragraph at lines 72--72
\T1/lmr/m/n/10.95 (+20) ex-am-ples
 []


Underfull \hbox (badness 10000) in paragraph at lines 72--72
\T1/lmr/m/n/10.95 (+20) and guides
 []


Underfull \hbox (badness 10000) in paragraph at lines 73--73
[]|\T1/lmr/m/n/10.95 (+20) Hello world
 []


Underfull \hbox (badness 10000) in paragraph at lines 73--74
[]|\T1/lmr/m/n/10.95 (+20) Advanced
 []


Underfull \hbox (badness 10000) in paragraph at lines 73--74
\T1/lmr/m/n/10.95 (+20) ex-am-ples
 []


Underfull \hbox (badness 10000) in paragraph at lines 73--74
\T1/lmr/m/n/10.95 (+20) and guides
 []


Underfull \hbox (badness 10000) in paragraph at lines 74--75
[]|\T1/lmr/m/n/10.95 (+20) advanced
 []


Underfull \hbox (badness 10000) in paragraph at lines 74--75
\T1/lmr/m/n/10.95 (+20) ex-am-ples
 []


Underfull \hbox (badness 10000) in paragraph at lines 74--75
\T1/lmr/m/n/10.95 (+20) and guides
 []


Underfull \hbox (badness 10000) in paragraph at lines 75--76
[]|\T1/lmr/m/n/10.95 (+20) advanced
 []


Underfull \hbox (badness 10000) in paragraph at lines 75--76
\T1/lmr/m/n/10.95 (+20) ex-am-ples
 []


Underfull \hbox (badness 1810) in paragraph at lines 75--76
\T1/lmr/m/n/10.95 (+20) and guides
 []


Underfull \hbox (badness 10000) in paragraph at lines 76--76
[]|\T1/lmr/m/n/10.95 (+20) 11+ Ques-
 []


Underfull \hbox (badness 10000) in paragraph at lines 77--78
[]|\T1/lmr/m/n/10.95 (+20) No FAQ
 []


Underfull \hbox (badness 10000) in paragraph at lines 81--81
[]|\T1/lmr/m/n/10.95 (+20) Advanced
 []


Underfull \hbox (badness 10000) in paragraph at lines 81--81
\T1/lmr/m/n/10.95 (+20) ex-am-ples
 []


Underfull \hbox (badness 10000) in paragraph at lines 81--81
\T1/lmr/m/n/10.95 (+20) and guides
 []


Underfull \hbox (badness 10000) in paragraph at lines 82--82
[]|\T1/lmr/m/n/10.95 (+20) Hello world
 []


Underfull \hbox (badness 10000) in paragraph at lines 82--83
[]|\T1/lmr/m/n/10.95 (+20) Advanced
 []


Underfull \hbox (badness 10000) in paragraph at lines 82--83
\T1/lmr/m/n/10.95 (+20) ex-am-ples
 []


Underfull \hbox (badness 10000) in paragraph at lines 82--83
\T1/lmr/m/n/10.95 (+20) and guides
 []


Underfull \hbox (badness 10000) in paragraph at lines 83--84
[]|\T1/lmr/m/n/10.95 (+20) Advanced
 []


Underfull \hbox (badness 10000) in paragraph at lines 83--84
\T1/lmr/m/n/10.95 (+20) ex-am-ples
 []


Underfull \hbox (badness 10000) in paragraph at lines 83--84
\T1/lmr/m/n/10.95 (+20) and guides
 []


Underfull \hbox (badness 10000) in paragraph at lines 84--85
[]|\T1/lmr/m/n/10.95 (+20) advanced
 []


Underfull \hbox (badness 10000) in paragraph at lines 84--85
\T1/lmr/m/n/10.95 (+20) ex-am-ples
 []


Underfull \hbox (badness 1810) in paragraph at lines 84--85
\T1/lmr/m/n/10.95 (+20) and guides
 []


Underfull \hbox (badness 10000) in paragraph at lines 90--91
[]|\T1/lmr/m/n/10.95 (+20) Academic
 []


Underfull \hbox (badness 10000) in paragraph at lines 90--91
\T1/lmr/m/n/10.95 (+20) pub-li-ca-tions
 []


Underfull \hbox (badness 10000) in paragraph at lines 90--91
\T1/lmr/m/n/10.95 (+20) soft-ware
 []


Underfull \hbox (badness 10000) in paragraph at lines 91--91
[]|\T1/lmr/m/n/10.95 (+20) Academic
 []


Underfull \hbox (badness 10000) in paragraph at lines 91--91
\T1/lmr/m/n/10.95 (+20) pub-li-ca-tions
 []


Underfull \hbox (badness 10000) in paragraph at lines 91--91
\T1/lmr/m/n/10.95 (+20) soft-ware
 []


Underfull \hbox (badness 10000) in paragraph at lines 92--92
[]|\T1/lmr/m/n/10.95 (+20) Academic
 []


Underfull \hbox (badness 10000) in paragraph at lines 92--92
\T1/lmr/m/n/10.95 (+20) pub-li-ca-tions
 []


Underfull \hbox (badness 10000) in paragraph at lines 92--92
\T1/lmr/m/n/10.95 (+20) soft-ware
 []


Underfull \hbox (badness 10000) in paragraph at lines 92--93
\T1/lmr/m/n/10.95 (+20) pub-li-ca-tions
 []


Underfull \hbox (badness 10000) in paragraph at lines 93--95
[]|\T1/lmr/m/n/10.95 (+20) Academic
 []


Underfull \hbox (badness 10000) in paragraph at lines 93--95
\T1/lmr/m/n/10.95 (+20) pub-li-ca-
 []


Underfull \hbox (badness 4846) in paragraph at lines 93--95
\T1/lmr/m/n/10.95 (+20) tions done
 []


Underfull \hbox (badness 10000) in paragraph at lines 93--95
\T1/lmr/m/n/10.95 (+20) by the
 []


Underfull \hbox (badness 10000) in paragraph at lines 93--95
\T1/lmr/m/n/10.95 (+20) soft-ware
 []


Overfull \hbox (14.60104pt too wide) in alignment at lines 8--98
 [] [] [] [] [] [] 
 []

[65


] [66] [67] [68]) (./csvs/results_metrics_mapped.tex
Underfull \hbox (badness 10000) in paragraph at lines 5--5
[]|\T1/lmr/m/n/10.95 (+20) Metric
 []


Underfull \hbox (badness 10000) in paragraph at lines 5--5
[]|\T1/lmr/m/n/10.95 (+20) React Con-
 []


Underfull \hbox (badness 10000) in paragraph at lines 6--6
[]|\T1/lmr/m/n/10.95 (+20) Redux
 []


Overfull \hbox (14.60104pt too wide) in alignment at lines 1--8
 [] [] [] [] [] [] 
 []


Overfull \hbox (14.60104pt too wide) in alignment at lines 8--62
 [] [] [] [] [] [] 
 []

[69] [70]) (./csvs/results_questions.tex
Underfull \hbox (badness 10000) in paragraph at lines 4--4
[]|\T1/lmr/m/n/10.95 (+20) React
 []


Underfull \hbox (badness 10000) in paragraph at lines 4--4
[]|\T1/lmr/m/n/10.95 (+20) Redux
 []

[71]) (./csvs/results_subgoals.tex
Underfull \hbox (badness 10000) in paragraph at lines 5--5
[]|\T1/lmr/m/n/10.95 (+20) React
 []


Underfull \hbox (badness 10000) in paragraph at lines 5--5
[]|\T1/lmr/m/n/10.95 (+20) React
 []


Underfull \hbox (badness 10000) in paragraph at lines 5--5
[]|\T1/lmr/m/n/10.95 (+20) Redux
 []


Overfull \hbox (0.99251pt too wide) in paragraph at lines 11--11
[]|\T1/lmr/m/n/10.95 (-20) Maintainability| 
 []

) [72] (./csvs/results_goals.tex
Underfull \hbox (badness 10000) in paragraph at lines 5--5
[]|\T1/lmr/m/n/10.95 (+20) React
 []


Underfull \hbox (badness 10000) in paragraph at lines 5--5
[]|\T1/lmr/m/n/10.95 (+20) React
 []


Underfull \hbox (badness 10000) in paragraph at lines 5--5
[]|\T1/lmr/m/n/10.95 (+20) Redux
 []


Underfull \hbox (badness 10000) in paragraph at lines 10--10
[]|\T1/lmr/m/n/10.95 (+20) Community
 []


Underfull \hbox (badness 10000) in paragraph at lines 10--10
\T1/lmr/m/n/10.95 (+20) trust-wor-thi-
 []

)) [73]
===== Section: literature
(./sample.bbl [74






] [75] [76] [77] [78] [79])
===== Section: nomenclature
[80]
No file sample.nls.
===== Section: index
No file sample.ind.
[81

] (./sample.aux (./text_content.aux) (./appendix_a.aux))

LaTeX Warning: There were multiply-defined labels.

 ) 
Here is how much of TeX's memory you used:
 26193 strings out of 478268
 496646 string characters out of 5837861
 1092154 words of memory out of 5000000
 43332 multiletter control sequences out of 15000+600000
 569524 words of font info for 221 fonts, out of 8000000 for 9000
 1141 hyphenation exceptions out of 8191
 108i,20n,133p,10632b,912s stack positions out of 10000i,1000n,20000p,200000b,200000s
{/usr/local/Cellar/texlive/20220321/share/texmf-dist/fonts/enc/dvips/lm/lm-ec
.enc}{/usr/local/Cellar/texlive/20220321/share/texmf-dist/fonts/enc/dvips/lm/lm
-mathsy.enc}{/usr/local/Cellar/texlive/20220321/share/texmf-dist/fonts/enc/dvip
s/lm/lm-mathit.enc}{/usr/local/Cellar/texlive/20220321/share/texmf-dist/fonts/e
nc/dvips/lm/lm-ts1.enc}{/usr/local/Cellar/texlive/20220321/share/texmf-dist/fon
ts/enc/dvips/lm/lm-rm.enc}</usr/local/Cellar/texlive/20220321/share/texmf-dist/
fonts/type1/public/lm/lmb10.pfb></usr/local/Cellar/texlive/20220321/share/texmf
-dist/fonts/type1/public/lm/lmmi10.pfb></usr/local/Cellar/texlive/20220321/shar
e/texmf-dist/fonts/type1/public/lm/lmmi6.pfb></usr/local/Cellar/texlive/2022032
1/share/texmf-dist/fonts/type1/public/lm/lmmi8.pfb></usr/local/Cellar/texlive/2
0220321/share/texmf-dist/fonts/type1/public/lm/lmr10.pfb></usr/local/Cellar/tex
live/20220321/share/texmf-dist/fonts/type1/public/lm/lmr12.pfb></usr/local/Cell
ar/texlive/20220321/share/texmf-dist/fonts/type1/public/lm/lmr8.pfb></usr/local
/Cellar/texlive/20220321/share/texmf-dist/fonts/type1/public/lm/lmri10.pfb></us
r/local/Cellar/texlive/20220321/share/texmf-dist/fonts/type1/public/lm/lmro10.p
fb></usr/local/Cellar/texlive/20220321/share/texmf-dist/fonts/type1/public/lm/l
mss10.pfb></usr/local/Cellar/texlive/20220321/share/texmf-dist/fonts/type1/publ
ic/lm/lmssbx10.pfb></usr/local/Cellar/texlive/20220321/share/texmf-dist/fonts/t
ype1/public/lm/lmsy10.pfb></usr/local/Cellar/texlive/20220321/share/texmf-dist/
fonts/type1/public/lm/lmsy8.pfb></usr/local/Cellar/texlive/20220321/share/texmf
-dist/fonts/type1/public/lm/lmtk10.pfb></usr/local/Cellar/texlive/20220321/shar
e/texmf-dist/fonts/type1/public/lm/lmtt10.pfb></usr/local/Cellar/texlive/202203
21/share/texmf-dist/fonts/type1/public/lm/lmtti10.pfb></usr/local/Cellar/texliv
e/20220321/share/texmf-dist/fonts/type1/public/amsfonts/symbols/msam10.pfb>
Output written on sample.pdf (88 pages, 9727449 bytes).
PDF statistics:
 1378 PDF objects out of 1440 (max. 8388607)
 1166 compressed objects within 12 object streams
 304 named destinations out of 1000 (max. 500000)
 55797 words of extra memory for PDF output out of 61914 (max. 10000000)

